# Logfile created on Mon Mar 07 09:42:13 +0700 2016/!\ FAILSAFE /!\  Mon Mar 07 09:42:46 +0700 2016
  Status: 500 Internal Server Error
  Unknown MySQL server host 'unix-db-server' (11001)
    D:/TSE Projects/pms-fct - CMS/- svn/PMS/vendor/rails/activerecord/lib/active_record/connection_adapters/mysql_adapter.rb:548:in `real_connect'
    D:/TSE Projects/pms-fct - CMS/- svn/PMS/vendor/rails/activerecord/lib/active_record/connection_adapters/mysql_adapter.rb:548:in `connect'
    D:/TSE Projects/pms-fct - CMS/- svn/PMS/vendor/rails/activerecord/lib/active_record/connection_adapters/mysql_adapter.rb:198:in `initialize'
    D:/TSE Projects/pms-fct - CMS/- svn/PMS/vendor/rails/activerecord/lib/active_record/connection_adapters/mysql_adapter.rb:74:in `new'
    D:/TSE Projects/pms-fct - CMS/- svn/PMS/vendor/rails/activerecord/lib/active_record/connection_adapters/mysql_adapter.rb:74:in `mysql_connection'
    D:/TSE Projects/pms-fct - CMS/- svn/PMS/vendor/rails/activerecord/lib/active_record/connection_adapters/abstract/connection_pool.rb:223:in `send'
    D:/TSE Projects/pms-fct - CMS/- svn/PMS/vendor/rails/activerecord/lib/active_record/connection_adapters/abstract/connection_pool.rb:223:in `new_connection'
    D:/TSE Projects/pms-fct - CMS/- svn/PMS/vendor/rails/activerecord/lib/active_record/connection_adapters/abstract/connection_pool.rb:245:in `checkout_new_connection'
    D:/TSE Projects/pms-fct - CMS/- svn/PMS/vendor/rails/activerecord/lib/active_record/connection_adapters/abstract/connection_pool.rb:188:in `checkout'
    D:/TSE Projects/pms-fct - CMS/- svn/PMS/vendor/rails/activerecord/lib/active_record/connection_adapters/abstract/connection_pool.rb:184:in `loop'
    D:/TSE Projects/pms-fct - CMS/- svn/PMS/vendor/rails/activerecord/lib/active_record/connection_adapters/abstract/connection_pool.rb:184:in `checkout'
    C:/Ruby/Ruby/lib/ruby/1.8/monitor.rb:242:in `synchronize'
    D:/TSE Projects/pms-fct - CMS/- svn/PMS/vendor/rails/activerecord/lib/active_record/connection_adapters/abstract/connection_pool.rb:183:in `checkout'
    D:/TSE Projects/pms-fct - CMS/- svn/PMS/vendor/rails/activerecord/lib/active_record/connection_adapters/abstract/connection_pool.rb:98:in `connection'
    D:/TSE Projects/pms-fct - CMS/- svn/PMS/vendor/rails/activerecord/lib/active_record/connection_adapters/abstract/connection_pool.rb:326:in `retrieve_connection'
    D:/TSE Projects/pms-fct - CMS/- svn/PMS/vendor/rails/activerecord/lib/active_record/connection_adapters/abstract/connection_specification.rb:121:in `retrieve_connection'
    D:/TSE Projects/pms-fct - CMS/- svn/PMS/vendor/rails/activerecord/lib/active_record/connection_adapters/abstract/connection_specification.rb:113:in `connection'
    C:/Ruby/Ruby/lib/ruby/gems/1.8/gems/activerecord-sqlserver-adapter-2.2.21/lib/active_record/connection_adapters/sqlserver_adapter/core_ext/active_record.rb:46:in `reset_column_information'
    D:/TSE Projects/pms-fct - CMS/- svn/PMS/vendor/rails/actionpack/lib/action_controller/session/active_record_store.rb:103:in `setup_sessid_compatibility!'
    D:/TSE Projects/pms-fct - CMS/- svn/PMS/vendor/rails/actionpack/lib/action_controller/session/active_record_store.rb:78:in `find_by_session_id'
    D:/TSE Projects/pms-fct - CMS/- svn/PMS/vendor/rails/actionpack/lib/action_controller/session/active_record_store.rb:288:in `initialize'
    D:/TSE Projects/pms-fct - CMS/- svn/PMS/vendor/rails/activerecord/lib/active_record/base.rb:1398:in `silence'
    D:/TSE Projects/pms-fct - CMS/- svn/PMS/vendor/rails/actionpack/lib/action_controller/session/active_record_store.rb:288:in `initialize'
    C:/Ruby/Ruby/lib/ruby/1.8/cgi/session.rb:280:in `new'
    C:/Ruby/Ruby/lib/ruby/1.8/cgi/session.rb:280:in `initialize_without_cgi_reader'
    D:/TSE Projects/pms-fct - CMS/- svn/PMS/vendor/rails/actionpack/lib/action_controller/cgi_ext/session.rb:19:in `initialize'
    D:/TSE Projects/pms-fct - CMS/- svn/PMS/vendor/rails/actionpack/lib/action_controller/cgi_process.rb:94:in `new'
    D:/TSE Projects/pms-fct - CMS/- svn/PMS/vendor/rails/actionpack/lib/action_controller/cgi_process.rb:94:in `session'
    D:/TSE Projects/pms-fct - CMS/- svn/PMS/vendor/rails/actionpack/lib/action_controller/cgi_process.rb:130:in `stale_session_check!'
    D:/TSE Projects/pms-fct - CMS/- svn/PMS/vendor/rails/actionpack/lib/action_controller/cgi_process.rb:78:in `session'
    D:/TSE Projects/pms-fct - CMS/- svn/PMS/vendor/rails/actionpack/lib/action_controller/base.rb:1205:in `assign_shortcuts_without_flash'
    D:/TSE Projects/pms-fct - CMS/- svn/PMS/vendor/rails/actionpack/lib/action_controller/flash.rb:166:in `assign_shortcuts'
    D:/TSE Projects/pms-fct - CMS/- svn/PMS/vendor/rails/actionpack/lib/action_controller/base.rb:519:in `process_without_filters'
    D:/TSE Projects/pms-fct - CMS/- svn/PMS/vendor/rails/actionpack/lib/action_controller/filters.rb:606:in `process_without_session_management_support'
    D:/TSE Projects/pms-fct - CMS/- svn/PMS/vendor/rails/actionpack/lib/action_controller/session_management.rb:134:in `process'
    D:/TSE Projects/pms-fct - CMS/- svn/PMS/app/controllers/front_desk_controller.rb:28:in `process'
    D:/TSE Projects/pms-fct - CMS/- svn/PMS/vendor/rails/actionpack/lib/action_controller/base.rb:392:in `process'
    D:/TSE Projects/pms-fct - CMS/- svn/PMS/vendor/rails/actionpack/lib/action_controller/dispatcher.rb:183:in `handle_request'
    D:/TSE Projects/pms-fct - CMS/- svn/PMS/vendor/rails/actionpack/lib/action_controller/dispatcher.rb:110:in `dispatch_unlocked'
    D:/TSE Projects/pms-fct - CMS/- svn/PMS/vendor/rails/actionpack/lib/action_controller/dispatcher.rb:123:in `dispatch'
    D:/TSE Projects/pms-fct - CMS/- svn/PMS/vendor/rails/actionpack/lib/action_controller/dispatcher.rb:122:in `synchronize'
    D:/TSE Projects/pms-fct - CMS/- svn/PMS/vendor/rails/actionpack/lib/action_controller/dispatcher.rb:122:in `dispatch'
    D:/TSE Projects/pms-fct - CMS/- svn/PMS/vendor/rails/actionpack/lib/action_controller/dispatcher.rb:132:in `dispatch_cgi'
    D:/TSE Projects/pms-fct - CMS/- svn/PMS/vendor/rails/actionpack/lib/action_controller/dispatcher.rb:39:in `dispatch'
    D:/TSE Projects/pms-fct - CMS/- svn/PMS/vendor/rails/railties/lib/webrick_server.rb:103:in `handle_dispatch'
    D:/TSE Projects/pms-fct - CMS/- svn/PMS/vendor/rails/railties/lib/webrick_server.rb:74:in `service'
    C:/Ruby/Ruby/lib/ruby/1.8/webrick/httpserver.rb:104:in `service'
    C:/Ruby/Ruby/lib/ruby/1.8/webrick/httpserver.rb:65:in `run'
    C:/Ruby/Ruby/lib/ruby/1.8/webrick/server.rb:173:in `start_thread'
    C:/Ruby/Ruby/lib/ruby/1.8/webrick/server.rb:162:in `start'
    C:/Ruby/Ruby/lib/ruby/1.8/webrick/server.rb:162:in `start_thread'
    C:/Ruby/Ruby/lib/ruby/1.8/webrick/server.rb:95:in `start'
    C:/Ruby/Ruby/lib/ruby/1.8/webrick/server.rb:92:in `each'
    C:/Ruby/Ruby/lib/ruby/1.8/webrick/server.rb:92:in `start'
    C:/Ruby/Ruby/lib/ruby/1.8/webrick/server.rb:23:in `start'
    C:/Ruby/Ruby/lib/ruby/1.8/webrick/server.rb:82:in `start'
    D:/TSE Projects/pms-fct - CMS/- svn/PMS/vendor/rails/railties/lib/webrick_server.rb:60:in `dispatch'
    D:/TSE Projects/pms-fct - CMS/- svn/PMS/vendor/rails/railties/lib/commands/servers/webrick.rb:68
    C:/Ruby/Ruby/lib/ruby/site_ruby/1.8/rubygems/custom_require.rb:29:in `gem_original_require'
    C:/Ruby/Ruby/lib/ruby/site_ruby/1.8/rubygems/custom_require.rb:29:in `require'
    D:/TSE Projects/pms-fct - CMS/- svn/PMS/vendor/rails/activesupport/lib/active_support/dependencies.rb:153:in `require'
    D:/TSE Projects/pms-fct - CMS/- svn/PMS/vendor/rails/activesupport/lib/active_support/dependencies.rb:521:in `new_constants_in'
    D:/TSE Projects/pms-fct - CMS/- svn/PMS/vendor/rails/activesupport/lib/active_support/dependencies.rb:153:in `require'
    D:/TSE Projects/pms-fct - CMS/- svn/PMS/vendor/rails/railties/lib/commands/server.rb:49
    C:/Ruby/Ruby/lib/ruby/site_ruby/1.8/rubygems/custom_require.rb:29:in `gem_original_require'
    C:/Ruby/Ruby/lib/ruby/site_ruby/1.8/rubygems/custom_require.rb:29:in `require'
    script/server:3
/!\ FAILSAFE /!\  Mon Mar 07 09:44:03 +0700 2016
  Status: 500 Internal Server Error
  Unknown MySQL server host 'unix-db-server' (11001)
    D:/TSE Projects/pms-fct - CMS/- svn/PMS/vendor/rails/activerecord/lib/active_record/connection_adapters/mysql_adapter.rb:548:in `real_connect'
    D:/TSE Projects/pms-fct - CMS/- svn/PMS/vendor/rails/activerecord/lib/active_record/connection_adapters/mysql_adapter.rb:548:in `connect'
    D:/TSE Projects/pms-fct - CMS/- svn/PMS/vendor/rails/activerecord/lib/active_record/connection_adapters/mysql_adapter.rb:198:in `initialize'
    D:/TSE Projects/pms-fct - CMS/- svn/PMS/vendor/rails/activerecord/lib/active_record/connection_adapters/mysql_adapter.rb:74:in `new'
    D:/TSE Projects/pms-fct - CMS/- svn/PMS/vendor/rails/activerecord/lib/active_record/connection_adapters/mysql_adapter.rb:74:in `mysql_connection'
    D:/TSE Projects/pms-fct - CMS/- svn/PMS/vendor/rails/activerecord/lib/active_record/connection_adapters/abstract/connection_pool.rb:223:in `send'
    D:/TSE Projects/pms-fct - CMS/- svn/PMS/vendor/rails/activerecord/lib/active_record/connection_adapters/abstract/connection_pool.rb:223:in `new_connection'
    D:/TSE Projects/pms-fct - CMS/- svn/PMS/vendor/rails/activerecord/lib/active_record/connection_adapters/abstract/connection_pool.rb:245:in `checkout_new_connection'
    D:/TSE Projects/pms-fct - CMS/- svn/PMS/vendor/rails/activerecord/lib/active_record/connection_adapters/abstract/connection_pool.rb:188:in `checkout'
    D:/TSE Projects/pms-fct - CMS/- svn/PMS/vendor/rails/activerecord/lib/active_record/connection_adapters/abstract/connection_pool.rb:184:in `loop'
    D:/TSE Projects/pms-fct - CMS/- svn/PMS/vendor/rails/activerecord/lib/active_record/connection_adapters/abstract/connection_pool.rb:184:in `checkout'
    C:/Ruby/Ruby/lib/ruby/1.8/monitor.rb:242:in `synchronize'
    D:/TSE Projects/pms-fct - CMS/- svn/PMS/vendor/rails/activerecord/lib/active_record/connection_adapters/abstract/connection_pool.rb:183:in `checkout'
    D:/TSE Projects/pms-fct - CMS/- svn/PMS/vendor/rails/activerecord/lib/active_record/connection_adapters/abstract/connection_pool.rb:98:in `connection'
    D:/TSE Projects/pms-fct - CMS/- svn/PMS/vendor/rails/activerecord/lib/active_record/connection_adapters/abstract/connection_pool.rb:326:in `retrieve_connection'
    D:/TSE Projects/pms-fct - CMS/- svn/PMS/vendor/rails/activerecord/lib/active_record/connection_adapters/abstract/connection_specification.rb:121:in `retrieve_connection'
    D:/TSE Projects/pms-fct - CMS/- svn/PMS/vendor/rails/activerecord/lib/active_record/connection_adapters/abstract/connection_specification.rb:113:in `connection'
    C:/Ruby/Ruby/lib/ruby/gems/1.8/gems/activerecord-sqlserver-adapter-2.2.21/lib/active_record/connection_adapters/sqlserver_adapter/core_ext/active_record.rb:46:in `reset_column_information'
    D:/TSE Projects/pms-fct - CMS/- svn/PMS/vendor/rails/actionpack/lib/action_controller/session/active_record_store.rb:103:in `setup_sessid_compatibility!'
    D:/TSE Projects/pms-fct - CMS/- svn/PMS/vendor/rails/actionpack/lib/action_controller/session/active_record_store.rb:78:in `find_by_session_id'
    D:/TSE Projects/pms-fct - CMS/- svn/PMS/vendor/rails/actionpack/lib/action_controller/session/active_record_store.rb:288:in `initialize'
    D:/TSE Projects/pms-fct - CMS/- svn/PMS/vendor/rails/activerecord/lib/active_record/base.rb:1398:in `silence'
    D:/TSE Projects/pms-fct - CMS/- svn/PMS/vendor/rails/actionpack/lib/action_controller/session/active_record_store.rb:288:in `initialize'
    C:/Ruby/Ruby/lib/ruby/1.8/cgi/session.rb:280:in `new'
    C:/Ruby/Ruby/lib/ruby/1.8/cgi/session.rb:280:in `initialize_without_cgi_reader'
    D:/TSE Projects/pms-fct - CMS/- svn/PMS/vendor/rails/actionpack/lib/action_controller/cgi_ext/session.rb:19:in `initialize'
    D:/TSE Projects/pms-fct - CMS/- svn/PMS/vendor/rails/actionpack/lib/action_controller/cgi_process.rb:94:in `new'
    D:/TSE Projects/pms-fct - CMS/- svn/PMS/vendor/rails/actionpack/lib/action_controller/cgi_process.rb:94:in `session'
    D:/TSE Projects/pms-fct - CMS/- svn/PMS/vendor/rails/actionpack/lib/action_controller/cgi_process.rb:130:in `stale_session_check!'
    D:/TSE Projects/pms-fct - CMS/- svn/PMS/vendor/rails/actionpack/lib/action_controller/cgi_process.rb:78:in `session'
    D:/TSE Projects/pms-fct - CMS/- svn/PMS/vendor/rails/actionpack/lib/action_controller/base.rb:1205:in `assign_shortcuts_without_flash'
    D:/TSE Projects/pms-fct - CMS/- svn/PMS/vendor/rails/actionpack/lib/action_controller/flash.rb:166:in `assign_shortcuts'
    D:/TSE Projects/pms-fct - CMS/- svn/PMS/vendor/rails/actionpack/lib/action_controller/base.rb:519:in `process_without_filters'
    D:/TSE Projects/pms-fct - CMS/- svn/PMS/vendor/rails/actionpack/lib/action_controller/filters.rb:606:in `process_without_session_management_support'
    D:/TSE Projects/pms-fct - CMS/- svn/PMS/vendor/rails/actionpack/lib/action_controller/session_management.rb:134:in `process'
    D:/TSE Projects/pms-fct - CMS/- svn/PMS/app/controllers/front_desk_controller.rb:28:in `process'
    D:/TSE Projects/pms-fct - CMS/- svn/PMS/vendor/rails/actionpack/lib/action_controller/base.rb:392:in `process'
    D:/TSE Projects/pms-fct - CMS/- svn/PMS/vendor/rails/actionpack/lib/action_controller/dispatcher.rb:183:in `handle_request'
    D:/TSE Projects/pms-fct - CMS/- svn/PMS/vendor/rails/actionpack/lib/action_controller/dispatcher.rb:110:in `dispatch_unlocked'
    D:/TSE Projects/pms-fct - CMS/- svn/PMS/vendor/rails/actionpack/lib/action_controller/dispatcher.rb:123:in `dispatch'
    D:/TSE Projects/pms-fct - CMS/- svn/PMS/vendor/rails/actionpack/lib/action_controller/dispatcher.rb:122:in `synchronize'
    D:/TSE Projects/pms-fct - CMS/- svn/PMS/vendor/rails/actionpack/lib/action_controller/dispatcher.rb:122:in `dispatch'
    D:/TSE Projects/pms-fct - CMS/- svn/PMS/vendor/rails/actionpack/lib/action_controller/dispatcher.rb:132:in `dispatch_cgi'
    D:/TSE Projects/pms-fct - CMS/- svn/PMS/vendor/rails/actionpack/lib/action_controller/dispatcher.rb:39:in `dispatch'
    D:/TSE Projects/pms-fct - CMS/- svn/PMS/vendor/rails/railties/lib/webrick_server.rb:103:in `handle_dispatch'
    D:/TSE Projects/pms-fct - CMS/- svn/PMS/vendor/rails/railties/lib/webrick_server.rb:74:in `service'
    C:/Ruby/Ruby/lib/ruby/1.8/webrick/httpserver.rb:104:in `service'
    C:/Ruby/Ruby/lib/ruby/1.8/webrick/httpserver.rb:65:in `run'
    C:/Ruby/Ruby/lib/ruby/1.8/webrick/server.rb:173:in `start_thread'
    C:/Ruby/Ruby/lib/ruby/1.8/webrick/server.rb:162:in `start'
    C:/Ruby/Ruby/lib/ruby/1.8/webrick/server.rb:162:in `start_thread'
    C:/Ruby/Ruby/lib/ruby/1.8/webrick/server.rb:95:in `start'
    C:/Ruby/Ruby/lib/ruby/1.8/webrick/server.rb:92:in `each'
    C:/Ruby/Ruby/lib/ruby/1.8/webrick/server.rb:92:in `start'
    C:/Ruby/Ruby/lib/ruby/1.8/webrick/server.rb:23:in `start'
    C:/Ruby/Ruby/lib/ruby/1.8/webrick/server.rb:82:in `start'
    D:/TSE Projects/pms-fct - CMS/- svn/PMS/vendor/rails/railties/lib/webrick_server.rb:60:in `dispatch'
    D:/TSE Projects/pms-fct - CMS/- svn/PMS/vendor/rails/railties/lib/commands/servers/webrick.rb:68
    C:/Ruby/Ruby/lib/ruby/site_ruby/1.8/rubygems/custom_require.rb:29:in `gem_original_require'
    C:/Ruby/Ruby/lib/ruby/site_ruby/1.8/rubygems/custom_require.rb:29:in `require'
    D:/TSE Projects/pms-fct - CMS/- svn/PMS/vendor/rails/activesupport/lib/active_support/dependencies.rb:153:in `require'
    D:/TSE Projects/pms-fct - CMS/- svn/PMS/vendor/rails/activesupport/lib/active_support/dependencies.rb:521:in `new_constants_in'
    D:/TSE Projects/pms-fct - CMS/- svn/PMS/vendor/rails/activesupport/lib/active_support/dependencies.rb:153:in `require'
    D:/TSE Projects/pms-fct - CMS/- svn/PMS/vendor/rails/railties/lib/commands/server.rb:49
    C:/Ruby/Ruby/lib/ruby/site_ruby/1.8/rubygems/custom_require.rb:29:in `gem_original_require'
    C:/Ruby/Ruby/lib/ruby/site_ruby/1.8/rubygems/custom_require.rb:29:in `require'
    script/server:3
/!\ FAILSAFE /!\  Mon Mar 07 09:44:34 +0700 2016
  Status: 500 Internal Server Error
  Unknown MySQL server host 'unix-db-server' (11001)
    D:/TSE Projects/pms-fct - CMS/- svn/PMS/vendor/rails/activerecord/lib/active_record/connection_adapters/mysql_adapter.rb:548:in `real_connect'
    D:/TSE Projects/pms-fct - CMS/- svn/PMS/vendor/rails/activerecord/lib/active_record/connection_adapters/mysql_adapter.rb:548:in `connect'
    D:/TSE Projects/pms-fct - CMS/- svn/PMS/vendor/rails/activerecord/lib/active_record/connection_adapters/mysql_adapter.rb:198:in `initialize'
    D:/TSE Projects/pms-fct - CMS/- svn/PMS/vendor/rails/activerecord/lib/active_record/connection_adapters/mysql_adapter.rb:74:in `new'
    D:/TSE Projects/pms-fct - CMS/- svn/PMS/vendor/rails/activerecord/lib/active_record/connection_adapters/mysql_adapter.rb:74:in `mysql_connection'
    D:/TSE Projects/pms-fct - CMS/- svn/PMS/vendor/rails/activerecord/lib/active_record/connection_adapters/abstract/connection_pool.rb:223:in `send'
    D:/TSE Projects/pms-fct - CMS/- svn/PMS/vendor/rails/activerecord/lib/active_record/connection_adapters/abstract/connection_pool.rb:223:in `new_connection'
    D:/TSE Projects/pms-fct - CMS/- svn/PMS/vendor/rails/activerecord/lib/active_record/connection_adapters/abstract/connection_pool.rb:245:in `checkout_new_connection'
    D:/TSE Projects/pms-fct - CMS/- svn/PMS/vendor/rails/activerecord/lib/active_record/connection_adapters/abstract/connection_pool.rb:188:in `checkout'
    D:/TSE Projects/pms-fct - CMS/- svn/PMS/vendor/rails/activerecord/lib/active_record/connection_adapters/abstract/connection_pool.rb:184:in `loop'
    D:/TSE Projects/pms-fct - CMS/- svn/PMS/vendor/rails/activerecord/lib/active_record/connection_adapters/abstract/connection_pool.rb:184:in `checkout'
    C:/Ruby/Ruby/lib/ruby/1.8/monitor.rb:242:in `synchronize'
    D:/TSE Projects/pms-fct - CMS/- svn/PMS/vendor/rails/activerecord/lib/active_record/connection_adapters/abstract/connection_pool.rb:183:in `checkout'
    D:/TSE Projects/pms-fct - CMS/- svn/PMS/vendor/rails/activerecord/lib/active_record/connection_adapters/abstract/connection_pool.rb:98:in `connection'
    D:/TSE Projects/pms-fct - CMS/- svn/PMS/vendor/rails/activerecord/lib/active_record/connection_adapters/abstract/connection_pool.rb:326:in `retrieve_connection'
    D:/TSE Projects/pms-fct - CMS/- svn/PMS/vendor/rails/activerecord/lib/active_record/connection_adapters/abstract/connection_specification.rb:121:in `retrieve_connection'
    D:/TSE Projects/pms-fct - CMS/- svn/PMS/vendor/rails/activerecord/lib/active_record/connection_adapters/abstract/connection_specification.rb:113:in `connection'
    C:/Ruby/Ruby/lib/ruby/gems/1.8/gems/activerecord-sqlserver-adapter-2.2.21/lib/active_record/connection_adapters/sqlserver_adapter/core_ext/active_record.rb:46:in `reset_column_information'
    D:/TSE Projects/pms-fct - CMS/- svn/PMS/vendor/rails/actionpack/lib/action_controller/session/active_record_store.rb:103:in `setup_sessid_compatibility!'
    D:/TSE Projects/pms-fct - CMS/- svn/PMS/vendor/rails/actionpack/lib/action_controller/session/active_record_store.rb:78:in `find_by_session_id'
    D:/TSE Projects/pms-fct - CMS/- svn/PMS/vendor/rails/actionpack/lib/action_controller/session/active_record_store.rb:288:in `initialize'
    D:/TSE Projects/pms-fct - CMS/- svn/PMS/vendor/rails/activerecord/lib/active_record/base.rb:1398:in `silence'
    D:/TSE Projects/pms-fct - CMS/- svn/PMS/vendor/rails/actionpack/lib/action_controller/session/active_record_store.rb:288:in `initialize'
    C:/Ruby/Ruby/lib/ruby/1.8/cgi/session.rb:280:in `new'
    C:/Ruby/Ruby/lib/ruby/1.8/cgi/session.rb:280:in `initialize_without_cgi_reader'
    D:/TSE Projects/pms-fct - CMS/- svn/PMS/vendor/rails/actionpack/lib/action_controller/cgi_ext/session.rb:19:in `initialize'
    D:/TSE Projects/pms-fct - CMS/- svn/PMS/vendor/rails/actionpack/lib/action_controller/cgi_process.rb:94:in `new'
    D:/TSE Projects/pms-fct - CMS/- svn/PMS/vendor/rails/actionpack/lib/action_controller/cgi_process.rb:94:in `session'
    D:/TSE Projects/pms-fct - CMS/- svn/PMS/vendor/rails/actionpack/lib/action_controller/cgi_process.rb:130:in `stale_session_check!'
    D:/TSE Projects/pms-fct - CMS/- svn/PMS/vendor/rails/actionpack/lib/action_controller/cgi_process.rb:78:in `session'
    D:/TSE Projects/pms-fct - CMS/- svn/PMS/vendor/rails/actionpack/lib/action_controller/base.rb:1205:in `assign_shortcuts_without_flash'
    D:/TSE Projects/pms-fct - CMS/- svn/PMS/vendor/rails/actionpack/lib/action_controller/flash.rb:166:in `assign_shortcuts'
    D:/TSE Projects/pms-fct - CMS/- svn/PMS/vendor/rails/actionpack/lib/action_controller/base.rb:519:in `process_without_filters'
    D:/TSE Projects/pms-fct - CMS/- svn/PMS/vendor/rails/actionpack/lib/action_controller/filters.rb:606:in `process_without_session_management_support'
    D:/TSE Projects/pms-fct - CMS/- svn/PMS/vendor/rails/actionpack/lib/action_controller/session_management.rb:134:in `process'
    D:/TSE Projects/pms-fct - CMS/- svn/PMS/app/controllers/front_desk_controller.rb:28:in `process'
    D:/TSE Projects/pms-fct - CMS/- svn/PMS/vendor/rails/actionpack/lib/action_controller/base.rb:392:in `process'
    D:/TSE Projects/pms-fct - CMS/- svn/PMS/vendor/rails/actionpack/lib/action_controller/dispatcher.rb:183:in `handle_request'
    D:/TSE Projects/pms-fct - CMS/- svn/PMS/vendor/rails/actionpack/lib/action_controller/dispatcher.rb:110:in `dispatch_unlocked'
    D:/TSE Projects/pms-fct - CMS/- svn/PMS/vendor/rails/actionpack/lib/action_controller/dispatcher.rb:123:in `dispatch'
    D:/TSE Projects/pms-fct - CMS/- svn/PMS/vendor/rails/actionpack/lib/action_controller/dispatcher.rb:122:in `synchronize'
    D:/TSE Projects/pms-fct - CMS/- svn/PMS/vendor/rails/actionpack/lib/action_controller/dispatcher.rb:122:in `dispatch'
    D:/TSE Projects/pms-fct - CMS/- svn/PMS/vendor/rails/actionpack/lib/action_controller/dispatcher.rb:132:in `dispatch_cgi'
    D:/TSE Projects/pms-fct - CMS/- svn/PMS/vendor/rails/actionpack/lib/action_controller/dispatcher.rb:39:in `dispatch'
    D:/TSE Projects/pms-fct - CMS/- svn/PMS/vendor/rails/railties/lib/webrick_server.rb:103:in `handle_dispatch'
    D:/TSE Projects/pms-fct - CMS/- svn/PMS/vendor/rails/railties/lib/webrick_server.rb:74:in `service'
    C:/Ruby/Ruby/lib/ruby/1.8/webrick/httpserver.rb:104:in `service'
    C:/Ruby/Ruby/lib/ruby/1.8/webrick/httpserver.rb:65:in `run'
    C:/Ruby/Ruby/lib/ruby/1.8/webrick/server.rb:173:in `start_thread'
    C:/Ruby/Ruby/lib/ruby/1.8/webrick/server.rb:162:in `start'
    C:/Ruby/Ruby/lib/ruby/1.8/webrick/server.rb:162:in `start_thread'
    C:/Ruby/Ruby/lib/ruby/1.8/webrick/server.rb:95:in `start'
    C:/Ruby/Ruby/lib/ruby/1.8/webrick/server.rb:92:in `each'
    C:/Ruby/Ruby/lib/ruby/1.8/webrick/server.rb:92:in `start'
    C:/Ruby/Ruby/lib/ruby/1.8/webrick/server.rb:23:in `start'
    C:/Ruby/Ruby/lib/ruby/1.8/webrick/server.rb:82:in `start'
    D:/TSE Projects/pms-fct - CMS/- svn/PMS/vendor/rails/railties/lib/webrick_server.rb:60:in `dispatch'
    D:/TSE Projects/pms-fct - CMS/- svn/PMS/vendor/rails/railties/lib/commands/servers/webrick.rb:68
    C:/Ruby/Ruby/lib/ruby/site_ruby/1.8/rubygems/custom_require.rb:29:in `gem_original_require'
    C:/Ruby/Ruby/lib/ruby/site_ruby/1.8/rubygems/custom_require.rb:29:in `require'
    D:/TSE Projects/pms-fct - CMS/- svn/PMS/vendor/rails/activesupport/lib/active_support/dependencies.rb:153:in `require'
    D:/TSE Projects/pms-fct - CMS/- svn/PMS/vendor/rails/activesupport/lib/active_support/dependencies.rb:521:in `new_constants_in'
    D:/TSE Projects/pms-fct - CMS/- svn/PMS/vendor/rails/activesupport/lib/active_support/dependencies.rb:153:in `require'
    D:/TSE Projects/pms-fct - CMS/- svn/PMS/vendor/rails/railties/lib/commands/server.rb:49
    C:/Ruby/Ruby/lib/ruby/site_ruby/1.8/rubygems/custom_require.rb:29:in `gem_original_require'
    C:/Ruby/Ruby/lib/ruby/site_ruby/1.8/rubygems/custom_require.rb:29:in `require'
    script/server:3
/!\ FAILSAFE /!\  Mon Mar 07 11:10:32 +0700 2016
  Status: 500 Internal Server Error
  Unknown MySQL server host 'unix-db-server' (11001)
    D:/TSE Projects/pms-fct - CMS/- svn/PMS/vendor/rails/activerecord/lib/active_record/connection_adapters/mysql_adapter.rb:548:in `real_connect'
    D:/TSE Projects/pms-fct - CMS/- svn/PMS/vendor/rails/activerecord/lib/active_record/connection_adapters/mysql_adapter.rb:548:in `connect'
    D:/TSE Projects/pms-fct - CMS/- svn/PMS/vendor/rails/activerecord/lib/active_record/connection_adapters/mysql_adapter.rb:198:in `initialize'
    D:/TSE Projects/pms-fct - CMS/- svn/PMS/vendor/rails/activerecord/lib/active_record/connection_adapters/mysql_adapter.rb:74:in `new'
    D:/TSE Projects/pms-fct - CMS/- svn/PMS/vendor/rails/activerecord/lib/active_record/connection_adapters/mysql_adapter.rb:74:in `mysql_connection'
    D:/TSE Projects/pms-fct - CMS/- svn/PMS/vendor/rails/activerecord/lib/active_record/connection_adapters/abstract/connection_pool.rb:223:in `send'
    D:/TSE Projects/pms-fct - CMS/- svn/PMS/vendor/rails/activerecord/lib/active_record/connection_adapters/abstract/connection_pool.rb:223:in `new_connection'
    D:/TSE Projects/pms-fct - CMS/- svn/PMS/vendor/rails/activerecord/lib/active_record/connection_adapters/abstract/connection_pool.rb:245:in `checkout_new_connection'
    D:/TSE Projects/pms-fct - CMS/- svn/PMS/vendor/rails/activerecord/lib/active_record/connection_adapters/abstract/connection_pool.rb:188:in `checkout'
    D:/TSE Projects/pms-fct - CMS/- svn/PMS/vendor/rails/activerecord/lib/active_record/connection_adapters/abstract/connection_pool.rb:184:in `loop'
    D:/TSE Projects/pms-fct - CMS/- svn/PMS/vendor/rails/activerecord/lib/active_record/connection_adapters/abstract/connection_pool.rb:184:in `checkout'
    C:/Ruby/Ruby/lib/ruby/1.8/monitor.rb:242:in `synchronize'
    D:/TSE Projects/pms-fct - CMS/- svn/PMS/vendor/rails/activerecord/lib/active_record/connection_adapters/abstract/connection_pool.rb:183:in `checkout'
    D:/TSE Projects/pms-fct - CMS/- svn/PMS/vendor/rails/activerecord/lib/active_record/connection_adapters/abstract/connection_pool.rb:98:in `connection'
    D:/TSE Projects/pms-fct - CMS/- svn/PMS/vendor/rails/activerecord/lib/active_record/connection_adapters/abstract/connection_pool.rb:326:in `retrieve_connection'
    D:/TSE Projects/pms-fct - CMS/- svn/PMS/vendor/rails/activerecord/lib/active_record/connection_adapters/abstract/connection_specification.rb:121:in `retrieve_connection'
    D:/TSE Projects/pms-fct - CMS/- svn/PMS/vendor/rails/activerecord/lib/active_record/connection_adapters/abstract/connection_specification.rb:113:in `connection'
    C:/Ruby/Ruby/lib/ruby/gems/1.8/gems/activerecord-sqlserver-adapter-2.2.21/lib/active_record/connection_adapters/sqlserver_adapter/core_ext/active_record.rb:46:in `reset_column_information'
    D:/TSE Projects/pms-fct - CMS/- svn/PMS/vendor/rails/actionpack/lib/action_controller/session/active_record_store.rb:103:in `setup_sessid_compatibility!'
    D:/TSE Projects/pms-fct - CMS/- svn/PMS/vendor/rails/actionpack/lib/action_controller/session/active_record_store.rb:78:in `find_by_session_id'
    D:/TSE Projects/pms-fct - CMS/- svn/PMS/vendor/rails/actionpack/lib/action_controller/session/active_record_store.rb:288:in `initialize'
    D:/TSE Projects/pms-fct - CMS/- svn/PMS/vendor/rails/activerecord/lib/active_record/base.rb:1398:in `silence'
    D:/TSE Projects/pms-fct - CMS/- svn/PMS/vendor/rails/actionpack/lib/action_controller/session/active_record_store.rb:288:in `initialize'
    C:/Ruby/Ruby/lib/ruby/1.8/cgi/session.rb:280:in `new'
    C:/Ruby/Ruby/lib/ruby/1.8/cgi/session.rb:280:in `initialize_without_cgi_reader'
    D:/TSE Projects/pms-fct - CMS/- svn/PMS/vendor/rails/actionpack/lib/action_controller/cgi_ext/session.rb:19:in `initialize'
    D:/TSE Projects/pms-fct - CMS/- svn/PMS/vendor/rails/actionpack/lib/action_controller/cgi_process.rb:94:in `new'
    D:/TSE Projects/pms-fct - CMS/- svn/PMS/vendor/rails/actionpack/lib/action_controller/cgi_process.rb:94:in `session'
    D:/TSE Projects/pms-fct - CMS/- svn/PMS/vendor/rails/actionpack/lib/action_controller/cgi_process.rb:130:in `stale_session_check!'
    D:/TSE Projects/pms-fct - CMS/- svn/PMS/vendor/rails/actionpack/lib/action_controller/cgi_process.rb:78:in `session'
    D:/TSE Projects/pms-fct - CMS/- svn/PMS/vendor/rails/actionpack/lib/action_controller/base.rb:1205:in `assign_shortcuts_without_flash'
    D:/TSE Projects/pms-fct - CMS/- svn/PMS/vendor/rails/actionpack/lib/action_controller/flash.rb:166:in `assign_shortcuts'
    D:/TSE Projects/pms-fct - CMS/- svn/PMS/vendor/rails/actionpack/lib/action_controller/base.rb:519:in `process_without_filters'
    D:/TSE Projects/pms-fct - CMS/- svn/PMS/vendor/rails/actionpack/lib/action_controller/filters.rb:606:in `process_without_session_management_support'
    D:/TSE Projects/pms-fct - CMS/- svn/PMS/vendor/rails/actionpack/lib/action_controller/session_management.rb:134:in `process'
    D:/TSE Projects/pms-fct - CMS/- svn/PMS/app/controllers/front_desk_controller.rb:28:in `process'
    D:/TSE Projects/pms-fct - CMS/- svn/PMS/vendor/rails/actionpack/lib/action_controller/base.rb:392:in `process'
    D:/TSE Projects/pms-fct - CMS/- svn/PMS/vendor/rails/actionpack/lib/action_controller/dispatcher.rb:183:in `handle_request'
    D:/TSE Projects/pms-fct - CMS/- svn/PMS/vendor/rails/actionpack/lib/action_controller/dispatcher.rb:110:in `dispatch_unlocked'
    D:/TSE Projects/pms-fct - CMS/- svn/PMS/vendor/rails/actionpack/lib/action_controller/dispatcher.rb:123:in `dispatch'
    D:/TSE Projects/pms-fct - CMS/- svn/PMS/vendor/rails/actionpack/lib/action_controller/dispatcher.rb:122:in `synchronize'
    D:/TSE Projects/pms-fct - CMS/- svn/PMS/vendor/rails/actionpack/lib/action_controller/dispatcher.rb:122:in `dispatch'
    D:/TSE Projects/pms-fct - CMS/- svn/PMS/vendor/rails/actionpack/lib/action_controller/dispatcher.rb:132:in `dispatch_cgi'
    D:/TSE Projects/pms-fct - CMS/- svn/PMS/vendor/rails/actionpack/lib/action_controller/dispatcher.rb:39:in `dispatch'
    D:/TSE Projects/pms-fct - CMS/- svn/PMS/vendor/rails/railties/lib/webrick_server.rb:103:in `handle_dispatch'
    D:/TSE Projects/pms-fct - CMS/- svn/PMS/vendor/rails/railties/lib/webrick_server.rb:74:in `service'
    C:/Ruby/Ruby/lib/ruby/1.8/webrick/httpserver.rb:104:in `service'
    C:/Ruby/Ruby/lib/ruby/1.8/webrick/httpserver.rb:65:in `run'
    C:/Ruby/Ruby/lib/ruby/1.8/webrick/server.rb:173:in `start_thread'
    C:/Ruby/Ruby/lib/ruby/1.8/webrick/server.rb:162:in `start'
    C:/Ruby/Ruby/lib/ruby/1.8/webrick/server.rb:162:in `start_thread'
    C:/Ruby/Ruby/lib/ruby/1.8/webrick/server.rb:95:in `start'
    C:/Ruby/Ruby/lib/ruby/1.8/webrick/server.rb:92:in `each'
    C:/Ruby/Ruby/lib/ruby/1.8/webrick/server.rb:92:in `start'
    C:/Ruby/Ruby/lib/ruby/1.8/webrick/server.rb:23:in `start'
    C:/Ruby/Ruby/lib/ruby/1.8/webrick/server.rb:82:in `start'
    D:/TSE Projects/pms-fct - CMS/- svn/PMS/vendor/rails/railties/lib/webrick_server.rb:60:in `dispatch'
    D:/TSE Projects/pms-fct - CMS/- svn/PMS/vendor/rails/railties/lib/commands/servers/webrick.rb:68
    C:/Ruby/Ruby/lib/ruby/site_ruby/1.8/rubygems/custom_require.rb:29:in `gem_original_require'
    C:/Ruby/Ruby/lib/ruby/site_ruby/1.8/rubygems/custom_require.rb:29:in `require'
    D:/TSE Projects/pms-fct - CMS/- svn/PMS/vendor/rails/activesupport/lib/active_support/dependencies.rb:153:in `require'
    D:/TSE Projects/pms-fct - CMS/- svn/PMS/vendor/rails/activesupport/lib/active_support/dependencies.rb:521:in `new_constants_in'
    D:/TSE Projects/pms-fct - CMS/- svn/PMS/vendor/rails/activesupport/lib/active_support/dependencies.rb:153:in `require'
    D:/TSE Projects/pms-fct - CMS/- svn/PMS/vendor/rails/railties/lib/commands/server.rb:49
    C:/Ruby/Ruby/lib/ruby/site_ruby/1.8/rubygems/custom_require.rb:29:in `gem_original_require'
    C:/Ruby/Ruby/lib/ruby/site_ruby/1.8/rubygems/custom_require.rb:29:in `require'
    script/server:3
/!\ FAILSAFE /!\  Mon Mar 07 13:52:32 +0700 2016
  Status: 500 Internal Server Error
  Unknown MySQL server host 'unix-db-server' (11001)
    D:/TSE Projects/pms-fct - CMS/- svn/PMS/vendor/rails/activerecord/lib/active_record/connection_adapters/mysql_adapter.rb:548:in `real_connect'
    D:/TSE Projects/pms-fct - CMS/- svn/PMS/vendor/rails/activerecord/lib/active_record/connection_adapters/mysql_adapter.rb:548:in `connect'
    D:/TSE Projects/pms-fct - CMS/- svn/PMS/vendor/rails/activerecord/lib/active_record/connection_adapters/mysql_adapter.rb:198:in `initialize'
    D:/TSE Projects/pms-fct - CMS/- svn/PMS/vendor/rails/activerecord/lib/active_record/connection_adapters/mysql_adapter.rb:74:in `new'
    D:/TSE Projects/pms-fct - CMS/- svn/PMS/vendor/rails/activerecord/lib/active_record/connection_adapters/mysql_adapter.rb:74:in `mysql_connection'
    D:/TSE Projects/pms-fct - CMS/- svn/PMS/vendor/rails/activerecord/lib/active_record/connection_adapters/abstract/connection_pool.rb:223:in `send'
    D:/TSE Projects/pms-fct - CMS/- svn/PMS/vendor/rails/activerecord/lib/active_record/connection_adapters/abstract/connection_pool.rb:223:in `new_connection'
    D:/TSE Projects/pms-fct - CMS/- svn/PMS/vendor/rails/activerecord/lib/active_record/connection_adapters/abstract/connection_pool.rb:245:in `checkout_new_connection'
    D:/TSE Projects/pms-fct - CMS/- svn/PMS/vendor/rails/activerecord/lib/active_record/connection_adapters/abstract/connection_pool.rb:188:in `checkout'
    D:/TSE Projects/pms-fct - CMS/- svn/PMS/vendor/rails/activerecord/lib/active_record/connection_adapters/abstract/connection_pool.rb:184:in `loop'
    D:/TSE Projects/pms-fct - CMS/- svn/PMS/vendor/rails/activerecord/lib/active_record/connection_adapters/abstract/connection_pool.rb:184:in `checkout'
    C:/Ruby/Ruby/lib/ruby/1.8/monitor.rb:242:in `synchronize'
    D:/TSE Projects/pms-fct - CMS/- svn/PMS/vendor/rails/activerecord/lib/active_record/connection_adapters/abstract/connection_pool.rb:183:in `checkout'
    D:/TSE Projects/pms-fct - CMS/- svn/PMS/vendor/rails/activerecord/lib/active_record/connection_adapters/abstract/connection_pool.rb:98:in `connection'
    D:/TSE Projects/pms-fct - CMS/- svn/PMS/vendor/rails/activerecord/lib/active_record/connection_adapters/abstract/connection_pool.rb:326:in `retrieve_connection'
    D:/TSE Projects/pms-fct - CMS/- svn/PMS/vendor/rails/activerecord/lib/active_record/connection_adapters/abstract/connection_specification.rb:121:in `retrieve_connection'
    D:/TSE Projects/pms-fct - CMS/- svn/PMS/vendor/rails/activerecord/lib/active_record/connection_adapters/abstract/connection_specification.rb:113:in `connection'
    C:/Ruby/Ruby/lib/ruby/gems/1.8/gems/activerecord-sqlserver-adapter-2.2.21/lib/active_record/connection_adapters/sqlserver_adapter/core_ext/active_record.rb:46:in `reset_column_information'
    D:/TSE Projects/pms-fct - CMS/- svn/PMS/vendor/rails/actionpack/lib/action_controller/session/active_record_store.rb:103:in `setup_sessid_compatibility!'
    D:/TSE Projects/pms-fct - CMS/- svn/PMS/vendor/rails/actionpack/lib/action_controller/session/active_record_store.rb:78:in `find_by_session_id'
    D:/TSE Projects/pms-fct - CMS/- svn/PMS/vendor/rails/actionpack/lib/action_controller/session/active_record_store.rb:288:in `initialize'
    D:/TSE Projects/pms-fct - CMS/- svn/PMS/vendor/rails/activerecord/lib/active_record/base.rb:1398:in `silence'
    D:/TSE Projects/pms-fct - CMS/- svn/PMS/vendor/rails/actionpack/lib/action_controller/session/active_record_store.rb:288:in `initialize'
    C:/Ruby/Ruby/lib/ruby/1.8/cgi/session.rb:280:in `new'
    C:/Ruby/Ruby/lib/ruby/1.8/cgi/session.rb:280:in `initialize_without_cgi_reader'
    D:/TSE Projects/pms-fct - CMS/- svn/PMS/vendor/rails/actionpack/lib/action_controller/cgi_ext/session.rb:19:in `initialize'
    D:/TSE Projects/pms-fct - CMS/- svn/PMS/vendor/rails/actionpack/lib/action_controller/cgi_process.rb:94:in `new'
    D:/TSE Projects/pms-fct - CMS/- svn/PMS/vendor/rails/actionpack/lib/action_controller/cgi_process.rb:94:in `session'
    D:/TSE Projects/pms-fct - CMS/- svn/PMS/vendor/rails/actionpack/lib/action_controller/cgi_process.rb:130:in `stale_session_check!'
    D:/TSE Projects/pms-fct - CMS/- svn/PMS/vendor/rails/actionpack/lib/action_controller/cgi_process.rb:78:in `session'
    D:/TSE Projects/pms-fct - CMS/- svn/PMS/vendor/rails/actionpack/lib/action_controller/base.rb:1205:in `assign_shortcuts_without_flash'
    D:/TSE Projects/pms-fct - CMS/- svn/PMS/vendor/rails/actionpack/lib/action_controller/flash.rb:166:in `assign_shortcuts'
    D:/TSE Projects/pms-fct - CMS/- svn/PMS/vendor/rails/actionpack/lib/action_controller/base.rb:519:in `process_without_filters'
    D:/TSE Projects/pms-fct - CMS/- svn/PMS/vendor/rails/actionpack/lib/action_controller/filters.rb:606:in `process_without_session_management_support'
    D:/TSE Projects/pms-fct - CMS/- svn/PMS/vendor/rails/actionpack/lib/action_controller/session_management.rb:134:in `process'
    D:/TSE Projects/pms-fct - CMS/- svn/PMS/app/controllers/front_desk_controller.rb:28:in `process'
    D:/TSE Projects/pms-fct - CMS/- svn/PMS/vendor/rails/actionpack/lib/action_controller/base.rb:392:in `process'
    D:/TSE Projects/pms-fct - CMS/- svn/PMS/vendor/rails/actionpack/lib/action_controller/dispatcher.rb:183:in `handle_request'
    D:/TSE Projects/pms-fct - CMS/- svn/PMS/vendor/rails/actionpack/lib/action_controller/dispatcher.rb:110:in `dispatch_unlocked'
    D:/TSE Projects/pms-fct - CMS/- svn/PMS/vendor/rails/actionpack/lib/action_controller/dispatcher.rb:123:in `dispatch'
    D:/TSE Projects/pms-fct - CMS/- svn/PMS/vendor/rails/actionpack/lib/action_controller/dispatcher.rb:122:in `synchronize'
    D:/TSE Projects/pms-fct - CMS/- svn/PMS/vendor/rails/actionpack/lib/action_controller/dispatcher.rb:122:in `dispatch'
    D:/TSE Projects/pms-fct - CMS/- svn/PMS/vendor/rails/actionpack/lib/action_controller/dispatcher.rb:132:in `dispatch_cgi'
    D:/TSE Projects/pms-fct - CMS/- svn/PMS/vendor/rails/actionpack/lib/action_controller/dispatcher.rb:39:in `dispatch'
    D:/TSE Projects/pms-fct - CMS/- svn/PMS/vendor/rails/railties/lib/webrick_server.rb:103:in `handle_dispatch'
    D:/TSE Projects/pms-fct - CMS/- svn/PMS/vendor/rails/railties/lib/webrick_server.rb:74:in `service'
    C:/Ruby/Ruby/lib/ruby/1.8/webrick/httpserver.rb:104:in `service'
    C:/Ruby/Ruby/lib/ruby/1.8/webrick/httpserver.rb:65:in `run'
    C:/Ruby/Ruby/lib/ruby/1.8/webrick/server.rb:173:in `start_thread'
    C:/Ruby/Ruby/lib/ruby/1.8/webrick/server.rb:162:in `start'
    C:/Ruby/Ruby/lib/ruby/1.8/webrick/server.rb:162:in `start_thread'
    C:/Ruby/Ruby/lib/ruby/1.8/webrick/server.rb:95:in `start'
    C:/Ruby/Ruby/lib/ruby/1.8/webrick/server.rb:92:in `each'
    C:/Ruby/Ruby/lib/ruby/1.8/webrick/server.rb:92:in `start'
    C:/Ruby/Ruby/lib/ruby/1.8/webrick/server.rb:23:in `start'
    C:/Ruby/Ruby/lib/ruby/1.8/webrick/server.rb:82:in `start'
    D:/TSE Projects/pms-fct - CMS/- svn/PMS/vendor/rails/railties/lib/webrick_server.rb:60:in `dispatch'
    D:/TSE Projects/pms-fct - CMS/- svn/PMS/vendor/rails/railties/lib/commands/servers/webrick.rb:68
    C:/Ruby/Ruby/lib/ruby/site_ruby/1.8/rubygems/custom_require.rb:29:in `gem_original_require'
    C:/Ruby/Ruby/lib/ruby/site_ruby/1.8/rubygems/custom_require.rb:29:in `require'
    D:/TSE Projects/pms-fct - CMS/- svn/PMS/vendor/rails/activesupport/lib/active_support/dependencies.rb:153:in `require'
    D:/TSE Projects/pms-fct - CMS/- svn/PMS/vendor/rails/activesupport/lib/active_support/dependencies.rb:521:in `new_constants_in'
    D:/TSE Projects/pms-fct - CMS/- svn/PMS/vendor/rails/activesupport/lib/active_support/dependencies.rb:153:in `require'
    D:/TSE Projects/pms-fct - CMS/- svn/PMS/vendor/rails/railties/lib/commands/server.rb:49
    C:/Ruby/Ruby/lib/ruby/site_ruby/1.8/rubygems/custom_require.rb:29:in `gem_original_require'
    C:/Ruby/Ruby/lib/ruby/site_ruby/1.8/rubygems/custom_require.rb:29:in `require'
    script/server:3
/!\ FAILSAFE /!\  Mon Mar 07 14:08:32 +0700 2016
  Status: 500 Internal Server Error
  Unknown MySQL server host 'unix-db-server' (11001)
    D:/TSE Projects/pms-fct - CMS/- svn/PMS/vendor/rails/activerecord/lib/active_record/connection_adapters/mysql_adapter.rb:548:in `real_connect'
    D:/TSE Projects/pms-fct - CMS/- svn/PMS/vendor/rails/activerecord/lib/active_record/connection_adapters/mysql_adapter.rb:548:in `connect'
    D:/TSE Projects/pms-fct - CMS/- svn/PMS/vendor/rails/activerecord/lib/active_record/connection_adapters/mysql_adapter.rb:198:in `initialize'
    D:/TSE Projects/pms-fct - CMS/- svn/PMS/vendor/rails/activerecord/lib/active_record/connection_adapters/mysql_adapter.rb:74:in `new'
    D:/TSE Projects/pms-fct - CMS/- svn/PMS/vendor/rails/activerecord/lib/active_record/connection_adapters/mysql_adapter.rb:74:in `mysql_connection'
    D:/TSE Projects/pms-fct - CMS/- svn/PMS/vendor/rails/activerecord/lib/active_record/connection_adapters/abstract/connection_pool.rb:223:in `send'
    D:/TSE Projects/pms-fct - CMS/- svn/PMS/vendor/rails/activerecord/lib/active_record/connection_adapters/abstract/connection_pool.rb:223:in `new_connection'
    D:/TSE Projects/pms-fct - CMS/- svn/PMS/vendor/rails/activerecord/lib/active_record/connection_adapters/abstract/connection_pool.rb:245:in `checkout_new_connection'
    D:/TSE Projects/pms-fct - CMS/- svn/PMS/vendor/rails/activerecord/lib/active_record/connection_adapters/abstract/connection_pool.rb:188:in `checkout'
    D:/TSE Projects/pms-fct - CMS/- svn/PMS/vendor/rails/activerecord/lib/active_record/connection_adapters/abstract/connection_pool.rb:184:in `loop'
    D:/TSE Projects/pms-fct - CMS/- svn/PMS/vendor/rails/activerecord/lib/active_record/connection_adapters/abstract/connection_pool.rb:184:in `checkout'
    C:/Ruby/Ruby/lib/ruby/1.8/monitor.rb:242:in `synchronize'
    D:/TSE Projects/pms-fct - CMS/- svn/PMS/vendor/rails/activerecord/lib/active_record/connection_adapters/abstract/connection_pool.rb:183:in `checkout'
    D:/TSE Projects/pms-fct - CMS/- svn/PMS/vendor/rails/activerecord/lib/active_record/connection_adapters/abstract/connection_pool.rb:98:in `connection'
    D:/TSE Projects/pms-fct - CMS/- svn/PMS/vendor/rails/activerecord/lib/active_record/connection_adapters/abstract/connection_pool.rb:326:in `retrieve_connection'
    D:/TSE Projects/pms-fct - CMS/- svn/PMS/vendor/rails/activerecord/lib/active_record/connection_adapters/abstract/connection_specification.rb:121:in `retrieve_connection'
    D:/TSE Projects/pms-fct - CMS/- svn/PMS/vendor/rails/activerecord/lib/active_record/connection_adapters/abstract/connection_specification.rb:113:in `connection'
    C:/Ruby/Ruby/lib/ruby/gems/1.8/gems/activerecord-sqlserver-adapter-2.2.21/lib/active_record/connection_adapters/sqlserver_adapter/core_ext/active_record.rb:46:in `reset_column_information'
    D:/TSE Projects/pms-fct - CMS/- svn/PMS/vendor/rails/actionpack/lib/action_controller/session/active_record_store.rb:103:in `setup_sessid_compatibility!'
    D:/TSE Projects/pms-fct - CMS/- svn/PMS/vendor/rails/actionpack/lib/action_controller/session/active_record_store.rb:78:in `find_by_session_id'
    D:/TSE Projects/pms-fct - CMS/- svn/PMS/vendor/rails/actionpack/lib/action_controller/session/active_record_store.rb:288:in `initialize'
    D:/TSE Projects/pms-fct - CMS/- svn/PMS/vendor/rails/activerecord/lib/active_record/base.rb:1398:in `silence'
    D:/TSE Projects/pms-fct - CMS/- svn/PMS/vendor/rails/actionpack/lib/action_controller/session/active_record_store.rb:288:in `initialize'
    C:/Ruby/Ruby/lib/ruby/1.8/cgi/session.rb:280:in `new'
    C:/Ruby/Ruby/lib/ruby/1.8/cgi/session.rb:280:in `initialize_without_cgi_reader'
    D:/TSE Projects/pms-fct - CMS/- svn/PMS/vendor/rails/actionpack/lib/action_controller/cgi_ext/session.rb:19:in `initialize'
    D:/TSE Projects/pms-fct - CMS/- svn/PMS/vendor/rails/actionpack/lib/action_controller/cgi_process.rb:94:in `new'
    D:/TSE Projects/pms-fct - CMS/- svn/PMS/vendor/rails/actionpack/lib/action_controller/cgi_process.rb:94:in `session'
    D:/TSE Projects/pms-fct - CMS/- svn/PMS/vendor/rails/actionpack/lib/action_controller/cgi_process.rb:130:in `stale_session_check!'
    D:/TSE Projects/pms-fct - CMS/- svn/PMS/vendor/rails/actionpack/lib/action_controller/cgi_process.rb:78:in `session'
    D:/TSE Projects/pms-fct - CMS/- svn/PMS/vendor/rails/actionpack/lib/action_controller/base.rb:1205:in `assign_shortcuts_without_flash'
    D:/TSE Projects/pms-fct - CMS/- svn/PMS/vendor/rails/actionpack/lib/action_controller/flash.rb:166:in `assign_shortcuts'
    D:/TSE Projects/pms-fct - CMS/- svn/PMS/vendor/rails/actionpack/lib/action_controller/base.rb:519:in `process_without_filters'
    D:/TSE Projects/pms-fct - CMS/- svn/PMS/vendor/rails/actionpack/lib/action_controller/filters.rb:606:in `process_without_session_management_support'
    D:/TSE Projects/pms-fct - CMS/- svn/PMS/vendor/rails/actionpack/lib/action_controller/session_management.rb:134:in `process'
    D:/TSE Projects/pms-fct - CMS/- svn/PMS/app/controllers/front_desk_controller.rb:28:in `process'
    D:/TSE Projects/pms-fct - CMS/- svn/PMS/vendor/rails/actionpack/lib/action_controller/base.rb:392:in `process'
    D:/TSE Projects/pms-fct - CMS/- svn/PMS/vendor/rails/actionpack/lib/action_controller/dispatcher.rb:183:in `handle_request'
    D:/TSE Projects/pms-fct - CMS/- svn/PMS/vendor/rails/actionpack/lib/action_controller/dispatcher.rb:110:in `dispatch_unlocked'
    D:/TSE Projects/pms-fct - CMS/- svn/PMS/vendor/rails/actionpack/lib/action_controller/dispatcher.rb:123:in `dispatch'
    D:/TSE Projects/pms-fct - CMS/- svn/PMS/vendor/rails/actionpack/lib/action_controller/dispatcher.rb:122:in `synchronize'
    D:/TSE Projects/pms-fct - CMS/- svn/PMS/vendor/rails/actionpack/lib/action_controller/dispatcher.rb:122:in `dispatch'
    D:/TSE Projects/pms-fct - CMS/- svn/PMS/vendor/rails/actionpack/lib/action_controller/dispatcher.rb:132:in `dispatch_cgi'
    D:/TSE Projects/pms-fct - CMS/- svn/PMS/vendor/rails/actionpack/lib/action_controller/dispatcher.rb:39:in `dispatch'
    D:/TSE Projects/pms-fct - CMS/- svn/PMS/vendor/rails/railties/lib/webrick_server.rb:103:in `handle_dispatch'
    D:/TSE Projects/pms-fct - CMS/- svn/PMS/vendor/rails/railties/lib/webrick_server.rb:74:in `service'
    C:/Ruby/Ruby/lib/ruby/1.8/webrick/httpserver.rb:104:in `service'
    C:/Ruby/Ruby/lib/ruby/1.8/webrick/httpserver.rb:65:in `run'
    C:/Ruby/Ruby/lib/ruby/1.8/webrick/server.rb:173:in `start_thread'
    C:/Ruby/Ruby/lib/ruby/1.8/webrick/server.rb:162:in `start'
    C:/Ruby/Ruby/lib/ruby/1.8/webrick/server.rb:162:in `start_thread'
    C:/Ruby/Ruby/lib/ruby/1.8/webrick/server.rb:95:in `start'
    C:/Ruby/Ruby/lib/ruby/1.8/webrick/server.rb:92:in `each'
    C:/Ruby/Ruby/lib/ruby/1.8/webrick/server.rb:92:in `start'
    C:/Ruby/Ruby/lib/ruby/1.8/webrick/server.rb:23:in `start'
    C:/Ruby/Ruby/lib/ruby/1.8/webrick/server.rb:82:in `start'
    D:/TSE Projects/pms-fct - CMS/- svn/PMS/vendor/rails/railties/lib/webrick_server.rb:60:in `dispatch'
    D:/TSE Projects/pms-fct - CMS/- svn/PMS/vendor/rails/railties/lib/commands/servers/webrick.rb:68
    C:/Ruby/Ruby/lib/ruby/site_ruby/1.8/rubygems/custom_require.rb:29:in `gem_original_require'
    C:/Ruby/Ruby/lib/ruby/site_ruby/1.8/rubygems/custom_require.rb:29:in `require'
    D:/TSE Projects/pms-fct - CMS/- svn/PMS/vendor/rails/activesupport/lib/active_support/dependencies.rb:153:in `require'
    D:/TSE Projects/pms-fct - CMS/- svn/PMS/vendor/rails/activesupport/lib/active_support/dependencies.rb:521:in `new_constants_in'
    D:/TSE Projects/pms-fct - CMS/- svn/PMS/vendor/rails/activesupport/lib/active_support/dependencies.rb:153:in `require'
    D:/TSE Projects/pms-fct - CMS/- svn/PMS/vendor/rails/railties/lib/commands/server.rb:49
    C:/Ruby/Ruby/lib/ruby/site_ruby/1.8/rubygems/custom_require.rb:29:in `gem_original_require'
    C:/Ruby/Ruby/lib/ruby/site_ruby/1.8/rubygems/custom_require.rb:29:in `require'
    script/server:3
/!\ FAILSAFE /!\  Mon Mar 07 14:12:26 +0700 2016
  Status: 500 Internal Server Error
  Unknown MySQL server host 'unix-db-server' (11001)
    D:/TSE Projects/pms-fct - CMS/- svn/PMS/vendor/rails/activerecord/lib/active_record/connection_adapters/mysql_adapter.rb:548:in `real_connect'
    D:/TSE Projects/pms-fct - CMS/- svn/PMS/vendor/rails/activerecord/lib/active_record/connection_adapters/mysql_adapter.rb:548:in `connect'
    D:/TSE Projects/pms-fct - CMS/- svn/PMS/vendor/rails/activerecord/lib/active_record/connection_adapters/mysql_adapter.rb:198:in `initialize'
    D:/TSE Projects/pms-fct - CMS/- svn/PMS/vendor/rails/activerecord/lib/active_record/connection_adapters/mysql_adapter.rb:74:in `new'
    D:/TSE Projects/pms-fct - CMS/- svn/PMS/vendor/rails/activerecord/lib/active_record/connection_adapters/mysql_adapter.rb:74:in `mysql_connection'
    D:/TSE Projects/pms-fct - CMS/- svn/PMS/vendor/rails/activerecord/lib/active_record/connection_adapters/abstract/connection_pool.rb:223:in `send'
    D:/TSE Projects/pms-fct - CMS/- svn/PMS/vendor/rails/activerecord/lib/active_record/connection_adapters/abstract/connection_pool.rb:223:in `new_connection'
    D:/TSE Projects/pms-fct - CMS/- svn/PMS/vendor/rails/activerecord/lib/active_record/connection_adapters/abstract/connection_pool.rb:245:in `checkout_new_connection'
    D:/TSE Projects/pms-fct - CMS/- svn/PMS/vendor/rails/activerecord/lib/active_record/connection_adapters/abstract/connection_pool.rb:188:in `checkout'
    D:/TSE Projects/pms-fct - CMS/- svn/PMS/vendor/rails/activerecord/lib/active_record/connection_adapters/abstract/connection_pool.rb:184:in `loop'
    D:/TSE Projects/pms-fct - CMS/- svn/PMS/vendor/rails/activerecord/lib/active_record/connection_adapters/abstract/connection_pool.rb:184:in `checkout'
    C:/Ruby/Ruby/lib/ruby/1.8/monitor.rb:242:in `synchronize'
    D:/TSE Projects/pms-fct - CMS/- svn/PMS/vendor/rails/activerecord/lib/active_record/connection_adapters/abstract/connection_pool.rb:183:in `checkout'
    D:/TSE Projects/pms-fct - CMS/- svn/PMS/vendor/rails/activerecord/lib/active_record/connection_adapters/abstract/connection_pool.rb:98:in `connection'
    D:/TSE Projects/pms-fct - CMS/- svn/PMS/vendor/rails/activerecord/lib/active_record/connection_adapters/abstract/connection_pool.rb:326:in `retrieve_connection'
    D:/TSE Projects/pms-fct - CMS/- svn/PMS/vendor/rails/activerecord/lib/active_record/connection_adapters/abstract/connection_specification.rb:121:in `retrieve_connection'
    D:/TSE Projects/pms-fct - CMS/- svn/PMS/vendor/rails/activerecord/lib/active_record/connection_adapters/abstract/connection_specification.rb:113:in `connection'
    C:/Ruby/Ruby/lib/ruby/gems/1.8/gems/activerecord-sqlserver-adapter-2.2.21/lib/active_record/connection_adapters/sqlserver_adapter/core_ext/active_record.rb:46:in `reset_column_information'
    D:/TSE Projects/pms-fct - CMS/- svn/PMS/vendor/rails/actionpack/lib/action_controller/session/active_record_store.rb:103:in `setup_sessid_compatibility!'
    D:/TSE Projects/pms-fct - CMS/- svn/PMS/vendor/rails/actionpack/lib/action_controller/session/active_record_store.rb:78:in `find_by_session_id'
    D:/TSE Projects/pms-fct - CMS/- svn/PMS/vendor/rails/actionpack/lib/action_controller/session/active_record_store.rb:288:in `initialize'
    D:/TSE Projects/pms-fct - CMS/- svn/PMS/vendor/rails/activerecord/lib/active_record/base.rb:1398:in `silence'
    D:/TSE Projects/pms-fct - CMS/- svn/PMS/vendor/rails/actionpack/lib/action_controller/session/active_record_store.rb:288:in `initialize'
    C:/Ruby/Ruby/lib/ruby/1.8/cgi/session.rb:280:in `new'
    C:/Ruby/Ruby/lib/ruby/1.8/cgi/session.rb:280:in `initialize_without_cgi_reader'
    D:/TSE Projects/pms-fct - CMS/- svn/PMS/vendor/rails/actionpack/lib/action_controller/cgi_ext/session.rb:19:in `initialize'
    D:/TSE Projects/pms-fct - CMS/- svn/PMS/vendor/rails/actionpack/lib/action_controller/cgi_process.rb:94:in `new'
    D:/TSE Projects/pms-fct - CMS/- svn/PMS/vendor/rails/actionpack/lib/action_controller/cgi_process.rb:94:in `session'
    D:/TSE Projects/pms-fct - CMS/- svn/PMS/vendor/rails/actionpack/lib/action_controller/cgi_process.rb:130:in `stale_session_check!'
    D:/TSE Projects/pms-fct - CMS/- svn/PMS/vendor/rails/actionpack/lib/action_controller/cgi_process.rb:78:in `session'
    D:/TSE Projects/pms-fct - CMS/- svn/PMS/vendor/rails/actionpack/lib/action_controller/base.rb:1205:in `assign_shortcuts_without_flash'
    D:/TSE Projects/pms-fct - CMS/- svn/PMS/vendor/rails/actionpack/lib/action_controller/flash.rb:166:in `assign_shortcuts'
    D:/TSE Projects/pms-fct - CMS/- svn/PMS/vendor/rails/actionpack/lib/action_controller/base.rb:519:in `process_without_filters'
    D:/TSE Projects/pms-fct - CMS/- svn/PMS/vendor/rails/actionpack/lib/action_controller/filters.rb:606:in `process_without_session_management_support'
    D:/TSE Projects/pms-fct - CMS/- svn/PMS/vendor/rails/actionpack/lib/action_controller/session_management.rb:134:in `process'
    D:/TSE Projects/pms-fct - CMS/- svn/PMS/app/controllers/front_desk_controller.rb:28:in `process'
    D:/TSE Projects/pms-fct - CMS/- svn/PMS/vendor/rails/actionpack/lib/action_controller/base.rb:392:in `process'
    D:/TSE Projects/pms-fct - CMS/- svn/PMS/vendor/rails/actionpack/lib/action_controller/dispatcher.rb:183:in `handle_request'
    D:/TSE Projects/pms-fct - CMS/- svn/PMS/vendor/rails/actionpack/lib/action_controller/dispatcher.rb:110:in `dispatch_unlocked'
    D:/TSE Projects/pms-fct - CMS/- svn/PMS/vendor/rails/actionpack/lib/action_controller/dispatcher.rb:123:in `dispatch'
    D:/TSE Projects/pms-fct - CMS/- svn/PMS/vendor/rails/actionpack/lib/action_controller/dispatcher.rb:122:in `synchronize'
    D:/TSE Projects/pms-fct - CMS/- svn/PMS/vendor/rails/actionpack/lib/action_controller/dispatcher.rb:122:in `dispatch'
    D:/TSE Projects/pms-fct - CMS/- svn/PMS/vendor/rails/actionpack/lib/action_controller/dispatcher.rb:132:in `dispatch_cgi'
    D:/TSE Projects/pms-fct - CMS/- svn/PMS/vendor/rails/actionpack/lib/action_controller/dispatcher.rb:39:in `dispatch'
    D:/TSE Projects/pms-fct - CMS/- svn/PMS/vendor/rails/railties/lib/webrick_server.rb:103:in `handle_dispatch'
    D:/TSE Projects/pms-fct - CMS/- svn/PMS/vendor/rails/railties/lib/webrick_server.rb:74:in `service'
    C:/Ruby/Ruby/lib/ruby/1.8/webrick/httpserver.rb:104:in `service'
    C:/Ruby/Ruby/lib/ruby/1.8/webrick/httpserver.rb:65:in `run'
    C:/Ruby/Ruby/lib/ruby/1.8/webrick/server.rb:173:in `start_thread'
    C:/Ruby/Ruby/lib/ruby/1.8/webrick/server.rb:162:in `start'
    C:/Ruby/Ruby/lib/ruby/1.8/webrick/server.rb:162:in `start_thread'
    C:/Ruby/Ruby/lib/ruby/1.8/webrick/server.rb:95:in `start'
    C:/Ruby/Ruby/lib/ruby/1.8/webrick/server.rb:92:in `each'
    C:/Ruby/Ruby/lib/ruby/1.8/webrick/server.rb:92:in `start'
    C:/Ruby/Ruby/lib/ruby/1.8/webrick/server.rb:23:in `start'
    C:/Ruby/Ruby/lib/ruby/1.8/webrick/server.rb:82:in `start'
    D:/TSE Projects/pms-fct - CMS/- svn/PMS/vendor/rails/railties/lib/webrick_server.rb:60:in `dispatch'
    D:/TSE Projects/pms-fct - CMS/- svn/PMS/vendor/rails/railties/lib/commands/servers/webrick.rb:68
    C:/Ruby/Ruby/lib/ruby/site_ruby/1.8/rubygems/custom_require.rb:29:in `gem_original_require'
    C:/Ruby/Ruby/lib/ruby/site_ruby/1.8/rubygems/custom_require.rb:29:in `require'
    D:/TSE Projects/pms-fct - CMS/- svn/PMS/vendor/rails/activesupport/lib/active_support/dependencies.rb:153:in `require'
    D:/TSE Projects/pms-fct - CMS/- svn/PMS/vendor/rails/activesupport/lib/active_support/dependencies.rb:521:in `new_constants_in'
    D:/TSE Projects/pms-fct - CMS/- svn/PMS/vendor/rails/activesupport/lib/active_support/dependencies.rb:153:in `require'
    D:/TSE Projects/pms-fct - CMS/- svn/PMS/vendor/rails/railties/lib/commands/server.rb:49
    C:/Ruby/Ruby/lib/ruby/site_ruby/1.8/rubygems/custom_require.rb:29:in `gem_original_require'
    C:/Ruby/Ruby/lib/ruby/site_ruby/1.8/rubygems/custom_require.rb:29:in `require'
    script/server:3
/!\ FAILSAFE /!\  Mon Mar 07 14:12:37 +0700 2016
  Status: 500 Internal Server Error
  Unknown MySQL server host 'unix-db-server' (11001)
    D:/TSE Projects/pms-fct - CMS/- svn/PMS/vendor/rails/activerecord/lib/active_record/connection_adapters/mysql_adapter.rb:548:in `real_connect'
    D:/TSE Projects/pms-fct - CMS/- svn/PMS/vendor/rails/activerecord/lib/active_record/connection_adapters/mysql_adapter.rb:548:in `connect'
    D:/TSE Projects/pms-fct - CMS/- svn/PMS/vendor/rails/activerecord/lib/active_record/connection_adapters/mysql_adapter.rb:198:in `initialize'
    D:/TSE Projects/pms-fct - CMS/- svn/PMS/vendor/rails/activerecord/lib/active_record/connection_adapters/mysql_adapter.rb:74:in `new'
    D:/TSE Projects/pms-fct - CMS/- svn/PMS/vendor/rails/activerecord/lib/active_record/connection_adapters/mysql_adapter.rb:74:in `mysql_connection'
    D:/TSE Projects/pms-fct - CMS/- svn/PMS/vendor/rails/activerecord/lib/active_record/connection_adapters/abstract/connection_pool.rb:223:in `send'
    D:/TSE Projects/pms-fct - CMS/- svn/PMS/vendor/rails/activerecord/lib/active_record/connection_adapters/abstract/connection_pool.rb:223:in `new_connection'
    D:/TSE Projects/pms-fct - CMS/- svn/PMS/vendor/rails/activerecord/lib/active_record/connection_adapters/abstract/connection_pool.rb:245:in `checkout_new_connection'
    D:/TSE Projects/pms-fct - CMS/- svn/PMS/vendor/rails/activerecord/lib/active_record/connection_adapters/abstract/connection_pool.rb:188:in `checkout'
    D:/TSE Projects/pms-fct - CMS/- svn/PMS/vendor/rails/activerecord/lib/active_record/connection_adapters/abstract/connection_pool.rb:184:in `loop'
    D:/TSE Projects/pms-fct - CMS/- svn/PMS/vendor/rails/activerecord/lib/active_record/connection_adapters/abstract/connection_pool.rb:184:in `checkout'
    C:/Ruby/Ruby/lib/ruby/1.8/monitor.rb:242:in `synchronize'
    D:/TSE Projects/pms-fct - CMS/- svn/PMS/vendor/rails/activerecord/lib/active_record/connection_adapters/abstract/connection_pool.rb:183:in `checkout'
    D:/TSE Projects/pms-fct - CMS/- svn/PMS/vendor/rails/activerecord/lib/active_record/connection_adapters/abstract/connection_pool.rb:98:in `connection'
    D:/TSE Projects/pms-fct - CMS/- svn/PMS/vendor/rails/activerecord/lib/active_record/connection_adapters/abstract/connection_pool.rb:326:in `retrieve_connection'
    D:/TSE Projects/pms-fct - CMS/- svn/PMS/vendor/rails/activerecord/lib/active_record/connection_adapters/abstract/connection_specification.rb:121:in `retrieve_connection'
    D:/TSE Projects/pms-fct - CMS/- svn/PMS/vendor/rails/activerecord/lib/active_record/connection_adapters/abstract/connection_specification.rb:113:in `connection'
    C:/Ruby/Ruby/lib/ruby/gems/1.8/gems/activerecord-sqlserver-adapter-2.2.21/lib/active_record/connection_adapters/sqlserver_adapter/core_ext/active_record.rb:46:in `reset_column_information'
    D:/TSE Projects/pms-fct - CMS/- svn/PMS/vendor/rails/actionpack/lib/action_controller/session/active_record_store.rb:103:in `setup_sessid_compatibility!'
    D:/TSE Projects/pms-fct - CMS/- svn/PMS/vendor/rails/actionpack/lib/action_controller/session/active_record_store.rb:78:in `find_by_session_id'
    D:/TSE Projects/pms-fct - CMS/- svn/PMS/vendor/rails/actionpack/lib/action_controller/session/active_record_store.rb:288:in `initialize'
    D:/TSE Projects/pms-fct - CMS/- svn/PMS/vendor/rails/activerecord/lib/active_record/base.rb:1398:in `silence'
    D:/TSE Projects/pms-fct - CMS/- svn/PMS/vendor/rails/actionpack/lib/action_controller/session/active_record_store.rb:288:in `initialize'
    C:/Ruby/Ruby/lib/ruby/1.8/cgi/session.rb:280:in `new'
    C:/Ruby/Ruby/lib/ruby/1.8/cgi/session.rb:280:in `initialize_without_cgi_reader'
    D:/TSE Projects/pms-fct - CMS/- svn/PMS/vendor/rails/actionpack/lib/action_controller/cgi_ext/session.rb:19:in `initialize'
    D:/TSE Projects/pms-fct - CMS/- svn/PMS/vendor/rails/actionpack/lib/action_controller/cgi_process.rb:94:in `new'
    D:/TSE Projects/pms-fct - CMS/- svn/PMS/vendor/rails/actionpack/lib/action_controller/cgi_process.rb:94:in `session'
    D:/TSE Projects/pms-fct - CMS/- svn/PMS/vendor/rails/actionpack/lib/action_controller/cgi_process.rb:130:in `stale_session_check!'
    D:/TSE Projects/pms-fct - CMS/- svn/PMS/vendor/rails/actionpack/lib/action_controller/cgi_process.rb:78:in `session'
    D:/TSE Projects/pms-fct - CMS/- svn/PMS/vendor/rails/actionpack/lib/action_controller/base.rb:1205:in `assign_shortcuts_without_flash'
    D:/TSE Projects/pms-fct - CMS/- svn/PMS/vendor/rails/actionpack/lib/action_controller/flash.rb:166:in `assign_shortcuts'
    D:/TSE Projects/pms-fct - CMS/- svn/PMS/vendor/rails/actionpack/lib/action_controller/base.rb:519:in `process_without_filters'
    D:/TSE Projects/pms-fct - CMS/- svn/PMS/vendor/rails/actionpack/lib/action_controller/filters.rb:606:in `process_without_session_management_support'
    D:/TSE Projects/pms-fct - CMS/- svn/PMS/vendor/rails/actionpack/lib/action_controller/session_management.rb:134:in `process'
    D:/TSE Projects/pms-fct - CMS/- svn/PMS/app/controllers/front_desk_controller.rb:28:in `process'
    D:/TSE Projects/pms-fct - CMS/- svn/PMS/vendor/rails/actionpack/lib/action_controller/base.rb:392:in `process'
    D:/TSE Projects/pms-fct - CMS/- svn/PMS/vendor/rails/actionpack/lib/action_controller/dispatcher.rb:183:in `handle_request'
    D:/TSE Projects/pms-fct - CMS/- svn/PMS/vendor/rails/actionpack/lib/action_controller/dispatcher.rb:110:in `dispatch_unlocked'
    D:/TSE Projects/pms-fct - CMS/- svn/PMS/vendor/rails/actionpack/lib/action_controller/dispatcher.rb:123:in `dispatch'
    D:/TSE Projects/pms-fct - CMS/- svn/PMS/vendor/rails/actionpack/lib/action_controller/dispatcher.rb:122:in `synchronize'
    D:/TSE Projects/pms-fct - CMS/- svn/PMS/vendor/rails/actionpack/lib/action_controller/dispatcher.rb:122:in `dispatch'
    D:/TSE Projects/pms-fct - CMS/- svn/PMS/vendor/rails/actionpack/lib/action_controller/dispatcher.rb:132:in `dispatch_cgi'
    D:/TSE Projects/pms-fct - CMS/- svn/PMS/vendor/rails/actionpack/lib/action_controller/dispatcher.rb:39:in `dispatch'
    D:/TSE Projects/pms-fct - CMS/- svn/PMS/vendor/rails/railties/lib/webrick_server.rb:103:in `handle_dispatch'
    D:/TSE Projects/pms-fct - CMS/- svn/PMS/vendor/rails/railties/lib/webrick_server.rb:74:in `service'
    C:/Ruby/Ruby/lib/ruby/1.8/webrick/httpserver.rb:104:in `service'
    C:/Ruby/Ruby/lib/ruby/1.8/webrick/httpserver.rb:65:in `run'
    C:/Ruby/Ruby/lib/ruby/1.8/webrick/server.rb:173:in `start_thread'
    C:/Ruby/Ruby/lib/ruby/1.8/webrick/server.rb:162:in `start'
    C:/Ruby/Ruby/lib/ruby/1.8/webrick/server.rb:162:in `start_thread'
    C:/Ruby/Ruby/lib/ruby/1.8/webrick/server.rb:95:in `start'
    C:/Ruby/Ruby/lib/ruby/1.8/webrick/server.rb:92:in `each'
    C:/Ruby/Ruby/lib/ruby/1.8/webrick/server.rb:92:in `start'
    C:/Ruby/Ruby/lib/ruby/1.8/webrick/server.rb:23:in `start'
    C:/Ruby/Ruby/lib/ruby/1.8/webrick/server.rb:82:in `start'
    D:/TSE Projects/pms-fct - CMS/- svn/PMS/vendor/rails/railties/lib/webrick_server.rb:60:in `dispatch'
    D:/TSE Projects/pms-fct - CMS/- svn/PMS/vendor/rails/railties/lib/commands/servers/webrick.rb:68
    C:/Ruby/Ruby/lib/ruby/site_ruby/1.8/rubygems/custom_require.rb:29:in `gem_original_require'
    C:/Ruby/Ruby/lib/ruby/site_ruby/1.8/rubygems/custom_require.rb:29:in `require'
    D:/TSE Projects/pms-fct - CMS/- svn/PMS/vendor/rails/activesupport/lib/active_support/dependencies.rb:153:in `require'
    D:/TSE Projects/pms-fct - CMS/- svn/PMS/vendor/rails/activesupport/lib/active_support/dependencies.rb:521:in `new_constants_in'
    D:/TSE Projects/pms-fct - CMS/- svn/PMS/vendor/rails/activesupport/lib/active_support/dependencies.rb:153:in `require'
    D:/TSE Projects/pms-fct - CMS/- svn/PMS/vendor/rails/railties/lib/commands/server.rb:49
    C:/Ruby/Ruby/lib/ruby/site_ruby/1.8/rubygems/custom_require.rb:29:in `gem_original_require'
    C:/Ruby/Ruby/lib/ruby/site_ruby/1.8/rubygems/custom_require.rb:29:in `require'
    script/server:3
/!\ FAILSAFE /!\  Mon Mar 07 14:12:47 +0700 2016
  Status: 500 Internal Server Error
  Unknown MySQL server host 'unix-db-server' (11001)
    D:/TSE Projects/pms-fct - CMS/- svn/PMS/vendor/rails/activerecord/lib/active_record/connection_adapters/mysql_adapter.rb:548:in `real_connect'
    D:/TSE Projects/pms-fct - CMS/- svn/PMS/vendor/rails/activerecord/lib/active_record/connection_adapters/mysql_adapter.rb:548:in `connect'
    D:/TSE Projects/pms-fct - CMS/- svn/PMS/vendor/rails/activerecord/lib/active_record/connection_adapters/mysql_adapter.rb:198:in `initialize'
    D:/TSE Projects/pms-fct - CMS/- svn/PMS/vendor/rails/activerecord/lib/active_record/connection_adapters/mysql_adapter.rb:74:in `new'
    D:/TSE Projects/pms-fct - CMS/- svn/PMS/vendor/rails/activerecord/lib/active_record/connection_adapters/mysql_adapter.rb:74:in `mysql_connection'
    D:/TSE Projects/pms-fct - CMS/- svn/PMS/vendor/rails/activerecord/lib/active_record/connection_adapters/abstract/connection_pool.rb:223:in `send'
    D:/TSE Projects/pms-fct - CMS/- svn/PMS/vendor/rails/activerecord/lib/active_record/connection_adapters/abstract/connection_pool.rb:223:in `new_connection'
    D:/TSE Projects/pms-fct - CMS/- svn/PMS/vendor/rails/activerecord/lib/active_record/connection_adapters/abstract/connection_pool.rb:245:in `checkout_new_connection'
    D:/TSE Projects/pms-fct - CMS/- svn/PMS/vendor/rails/activerecord/lib/active_record/connection_adapters/abstract/connection_pool.rb:188:in `checkout'
    D:/TSE Projects/pms-fct - CMS/- svn/PMS/vendor/rails/activerecord/lib/active_record/connection_adapters/abstract/connection_pool.rb:184:in `loop'
    D:/TSE Projects/pms-fct - CMS/- svn/PMS/vendor/rails/activerecord/lib/active_record/connection_adapters/abstract/connection_pool.rb:184:in `checkout'
    C:/Ruby/Ruby/lib/ruby/1.8/monitor.rb:242:in `synchronize'
    D:/TSE Projects/pms-fct - CMS/- svn/PMS/vendor/rails/activerecord/lib/active_record/connection_adapters/abstract/connection_pool.rb:183:in `checkout'
    D:/TSE Projects/pms-fct - CMS/- svn/PMS/vendor/rails/activerecord/lib/active_record/connection_adapters/abstract/connection_pool.rb:98:in `connection'
    D:/TSE Projects/pms-fct - CMS/- svn/PMS/vendor/rails/activerecord/lib/active_record/connection_adapters/abstract/connection_pool.rb:326:in `retrieve_connection'
    D:/TSE Projects/pms-fct - CMS/- svn/PMS/vendor/rails/activerecord/lib/active_record/connection_adapters/abstract/connection_specification.rb:121:in `retrieve_connection'
    D:/TSE Projects/pms-fct - CMS/- svn/PMS/vendor/rails/activerecord/lib/active_record/connection_adapters/abstract/connection_specification.rb:113:in `connection'
    C:/Ruby/Ruby/lib/ruby/gems/1.8/gems/activerecord-sqlserver-adapter-2.2.21/lib/active_record/connection_adapters/sqlserver_adapter/core_ext/active_record.rb:46:in `reset_column_information'
    D:/TSE Projects/pms-fct - CMS/- svn/PMS/vendor/rails/actionpack/lib/action_controller/session/active_record_store.rb:103:in `setup_sessid_compatibility!'
    D:/TSE Projects/pms-fct - CMS/- svn/PMS/vendor/rails/actionpack/lib/action_controller/session/active_record_store.rb:78:in `find_by_session_id'
    D:/TSE Projects/pms-fct - CMS/- svn/PMS/vendor/rails/actionpack/lib/action_controller/session/active_record_store.rb:288:in `initialize'
    D:/TSE Projects/pms-fct - CMS/- svn/PMS/vendor/rails/activerecord/lib/active_record/base.rb:1398:in `silence'
    D:/TSE Projects/pms-fct - CMS/- svn/PMS/vendor/rails/actionpack/lib/action_controller/session/active_record_store.rb:288:in `initialize'
    C:/Ruby/Ruby/lib/ruby/1.8/cgi/session.rb:280:in `new'
    C:/Ruby/Ruby/lib/ruby/1.8/cgi/session.rb:280:in `initialize_without_cgi_reader'
    D:/TSE Projects/pms-fct - CMS/- svn/PMS/vendor/rails/actionpack/lib/action_controller/cgi_ext/session.rb:19:in `initialize'
    D:/TSE Projects/pms-fct - CMS/- svn/PMS/vendor/rails/actionpack/lib/action_controller/cgi_process.rb:94:in `new'
    D:/TSE Projects/pms-fct - CMS/- svn/PMS/vendor/rails/actionpack/lib/action_controller/cgi_process.rb:94:in `session'
    D:/TSE Projects/pms-fct - CMS/- svn/PMS/vendor/rails/actionpack/lib/action_controller/cgi_process.rb:130:in `stale_session_check!'
    D:/TSE Projects/pms-fct - CMS/- svn/PMS/vendor/rails/actionpack/lib/action_controller/cgi_process.rb:78:in `session'
    D:/TSE Projects/pms-fct - CMS/- svn/PMS/vendor/rails/actionpack/lib/action_controller/base.rb:1205:in `assign_shortcuts_without_flash'
    D:/TSE Projects/pms-fct - CMS/- svn/PMS/vendor/rails/actionpack/lib/action_controller/flash.rb:166:in `assign_shortcuts'
    D:/TSE Projects/pms-fct - CMS/- svn/PMS/vendor/rails/actionpack/lib/action_controller/base.rb:519:in `process_without_filters'
    D:/TSE Projects/pms-fct - CMS/- svn/PMS/vendor/rails/actionpack/lib/action_controller/filters.rb:606:in `process_without_session_management_support'
    D:/TSE Projects/pms-fct - CMS/- svn/PMS/vendor/rails/actionpack/lib/action_controller/session_management.rb:134:in `process'
    D:/TSE Projects/pms-fct - CMS/- svn/PMS/app/controllers/front_desk_controller.rb:28:in `process'
    D:/TSE Projects/pms-fct - CMS/- svn/PMS/vendor/rails/actionpack/lib/action_controller/base.rb:392:in `process'
    D:/TSE Projects/pms-fct - CMS/- svn/PMS/vendor/rails/actionpack/lib/action_controller/dispatcher.rb:183:in `handle_request'
    D:/TSE Projects/pms-fct - CMS/- svn/PMS/vendor/rails/actionpack/lib/action_controller/dispatcher.rb:110:in `dispatch_unlocked'
    D:/TSE Projects/pms-fct - CMS/- svn/PMS/vendor/rails/actionpack/lib/action_controller/dispatcher.rb:123:in `dispatch'
    D:/TSE Projects/pms-fct - CMS/- svn/PMS/vendor/rails/actionpack/lib/action_controller/dispatcher.rb:122:in `synchronize'
    D:/TSE Projects/pms-fct - CMS/- svn/PMS/vendor/rails/actionpack/lib/action_controller/dispatcher.rb:122:in `dispatch'
    D:/TSE Projects/pms-fct - CMS/- svn/PMS/vendor/rails/actionpack/lib/action_controller/dispatcher.rb:132:in `dispatch_cgi'
    D:/TSE Projects/pms-fct - CMS/- svn/PMS/vendor/rails/actionpack/lib/action_controller/dispatcher.rb:39:in `dispatch'
    D:/TSE Projects/pms-fct - CMS/- svn/PMS/vendor/rails/railties/lib/webrick_server.rb:103:in `handle_dispatch'
    D:/TSE Projects/pms-fct - CMS/- svn/PMS/vendor/rails/railties/lib/webrick_server.rb:74:in `service'
    C:/Ruby/Ruby/lib/ruby/1.8/webrick/httpserver.rb:104:in `service'
    C:/Ruby/Ruby/lib/ruby/1.8/webrick/httpserver.rb:65:in `run'
    C:/Ruby/Ruby/lib/ruby/1.8/webrick/server.rb:173:in `start_thread'
    C:/Ruby/Ruby/lib/ruby/1.8/webrick/server.rb:162:in `start'
    C:/Ruby/Ruby/lib/ruby/1.8/webrick/server.rb:162:in `start_thread'
    C:/Ruby/Ruby/lib/ruby/1.8/webrick/server.rb:95:in `start'
    C:/Ruby/Ruby/lib/ruby/1.8/webrick/server.rb:92:in `each'
    C:/Ruby/Ruby/lib/ruby/1.8/webrick/server.rb:92:in `start'
    C:/Ruby/Ruby/lib/ruby/1.8/webrick/server.rb:23:in `start'
    C:/Ruby/Ruby/lib/ruby/1.8/webrick/server.rb:82:in `start'
    D:/TSE Projects/pms-fct - CMS/- svn/PMS/vendor/rails/railties/lib/webrick_server.rb:60:in `dispatch'
    D:/TSE Projects/pms-fct - CMS/- svn/PMS/vendor/rails/railties/lib/commands/servers/webrick.rb:68
    C:/Ruby/Ruby/lib/ruby/site_ruby/1.8/rubygems/custom_require.rb:29:in `gem_original_require'
    C:/Ruby/Ruby/lib/ruby/site_ruby/1.8/rubygems/custom_require.rb:29:in `require'
    D:/TSE Projects/pms-fct - CMS/- svn/PMS/vendor/rails/activesupport/lib/active_support/dependencies.rb:153:in `require'
    D:/TSE Projects/pms-fct - CMS/- svn/PMS/vendor/rails/activesupport/lib/active_support/dependencies.rb:521:in `new_constants_in'
    D:/TSE Projects/pms-fct - CMS/- svn/PMS/vendor/rails/activesupport/lib/active_support/dependencies.rb:153:in `require'
    D:/TSE Projects/pms-fct - CMS/- svn/PMS/vendor/rails/railties/lib/commands/server.rb:49
    C:/Ruby/Ruby/lib/ruby/site_ruby/1.8/rubygems/custom_require.rb:29:in `gem_original_require'
    C:/Ruby/Ruby/lib/ruby/site_ruby/1.8/rubygems/custom_require.rb:29:in `require'
    script/server:3
/!\ FAILSAFE /!\  Mon Mar 07 14:13:26 +0700 2016
  Status: 500 Internal Server Error
  Unknown MySQL server host 'unix-db-server' (11001)
    D:/TSE Projects/pms-fct - CMS/- svn/PMS/vendor/rails/activerecord/lib/active_record/connection_adapters/mysql_adapter.rb:548:in `real_connect'
    D:/TSE Projects/pms-fct - CMS/- svn/PMS/vendor/rails/activerecord/lib/active_record/connection_adapters/mysql_adapter.rb:548:in `connect'
    D:/TSE Projects/pms-fct - CMS/- svn/PMS/vendor/rails/activerecord/lib/active_record/connection_adapters/mysql_adapter.rb:198:in `initialize'
    D:/TSE Projects/pms-fct - CMS/- svn/PMS/vendor/rails/activerecord/lib/active_record/connection_adapters/mysql_adapter.rb:74:in `new'
    D:/TSE Projects/pms-fct - CMS/- svn/PMS/vendor/rails/activerecord/lib/active_record/connection_adapters/mysql_adapter.rb:74:in `mysql_connection'
    D:/TSE Projects/pms-fct - CMS/- svn/PMS/vendor/rails/activerecord/lib/active_record/connection_adapters/abstract/connection_pool.rb:223:in `send'
    D:/TSE Projects/pms-fct - CMS/- svn/PMS/vendor/rails/activerecord/lib/active_record/connection_adapters/abstract/connection_pool.rb:223:in `new_connection'
    D:/TSE Projects/pms-fct - CMS/- svn/PMS/vendor/rails/activerecord/lib/active_record/connection_adapters/abstract/connection_pool.rb:245:in `checkout_new_connection'
    D:/TSE Projects/pms-fct - CMS/- svn/PMS/vendor/rails/activerecord/lib/active_record/connection_adapters/abstract/connection_pool.rb:188:in `checkout'
    D:/TSE Projects/pms-fct - CMS/- svn/PMS/vendor/rails/activerecord/lib/active_record/connection_adapters/abstract/connection_pool.rb:184:in `loop'
    D:/TSE Projects/pms-fct - CMS/- svn/PMS/vendor/rails/activerecord/lib/active_record/connection_adapters/abstract/connection_pool.rb:184:in `checkout'
    C:/Ruby/Ruby/lib/ruby/1.8/monitor.rb:242:in `synchronize'
    D:/TSE Projects/pms-fct - CMS/- svn/PMS/vendor/rails/activerecord/lib/active_record/connection_adapters/abstract/connection_pool.rb:183:in `checkout'
    D:/TSE Projects/pms-fct - CMS/- svn/PMS/vendor/rails/activerecord/lib/active_record/connection_adapters/abstract/connection_pool.rb:98:in `connection'
    D:/TSE Projects/pms-fct - CMS/- svn/PMS/vendor/rails/activerecord/lib/active_record/connection_adapters/abstract/connection_pool.rb:326:in `retrieve_connection'
    D:/TSE Projects/pms-fct - CMS/- svn/PMS/vendor/rails/activerecord/lib/active_record/connection_adapters/abstract/connection_specification.rb:121:in `retrieve_connection'
    D:/TSE Projects/pms-fct - CMS/- svn/PMS/vendor/rails/activerecord/lib/active_record/connection_adapters/abstract/connection_specification.rb:113:in `connection'
    C:/Ruby/Ruby/lib/ruby/gems/1.8/gems/activerecord-sqlserver-adapter-2.2.21/lib/active_record/connection_adapters/sqlserver_adapter/core_ext/active_record.rb:46:in `reset_column_information'
    D:/TSE Projects/pms-fct - CMS/- svn/PMS/vendor/rails/actionpack/lib/action_controller/session/active_record_store.rb:103:in `setup_sessid_compatibility!'
    D:/TSE Projects/pms-fct - CMS/- svn/PMS/vendor/rails/actionpack/lib/action_controller/session/active_record_store.rb:78:in `find_by_session_id'
    D:/TSE Projects/pms-fct - CMS/- svn/PMS/vendor/rails/actionpack/lib/action_controller/session/active_record_store.rb:288:in `initialize'
    D:/TSE Projects/pms-fct - CMS/- svn/PMS/vendor/rails/activerecord/lib/active_record/base.rb:1398:in `silence'
    D:/TSE Projects/pms-fct - CMS/- svn/PMS/vendor/rails/actionpack/lib/action_controller/session/active_record_store.rb:288:in `initialize'
    C:/Ruby/Ruby/lib/ruby/1.8/cgi/session.rb:280:in `new'
    C:/Ruby/Ruby/lib/ruby/1.8/cgi/session.rb:280:in `initialize_without_cgi_reader'
    D:/TSE Projects/pms-fct - CMS/- svn/PMS/vendor/rails/actionpack/lib/action_controller/cgi_ext/session.rb:19:in `initialize'
    D:/TSE Projects/pms-fct - CMS/- svn/PMS/vendor/rails/actionpack/lib/action_controller/cgi_process.rb:94:in `new'
    D:/TSE Projects/pms-fct - CMS/- svn/PMS/vendor/rails/actionpack/lib/action_controller/cgi_process.rb:94:in `session'
    D:/TSE Projects/pms-fct - CMS/- svn/PMS/vendor/rails/actionpack/lib/action_controller/cgi_process.rb:130:in `stale_session_check!'
    D:/TSE Projects/pms-fct - CMS/- svn/PMS/vendor/rails/actionpack/lib/action_controller/cgi_process.rb:78:in `session'
    D:/TSE Projects/pms-fct - CMS/- svn/PMS/vendor/rails/actionpack/lib/action_controller/base.rb:1205:in `assign_shortcuts_without_flash'
    D:/TSE Projects/pms-fct - CMS/- svn/PMS/vendor/rails/actionpack/lib/action_controller/flash.rb:166:in `assign_shortcuts'
    D:/TSE Projects/pms-fct - CMS/- svn/PMS/vendor/rails/actionpack/lib/action_controller/base.rb:519:in `process_without_filters'
    D:/TSE Projects/pms-fct - CMS/- svn/PMS/vendor/rails/actionpack/lib/action_controller/filters.rb:606:in `process_without_session_management_support'
    D:/TSE Projects/pms-fct - CMS/- svn/PMS/vendor/rails/actionpack/lib/action_controller/session_management.rb:134:in `process'
    D:/TSE Projects/pms-fct - CMS/- svn/PMS/vendor/rails/actionpack/lib/action_controller/base.rb:392:in `process'
    D:/TSE Projects/pms-fct - CMS/- svn/PMS/vendor/rails/actionpack/lib/action_controller/dispatcher.rb:183:in `handle_request'
    D:/TSE Projects/pms-fct - CMS/- svn/PMS/vendor/rails/actionpack/lib/action_controller/dispatcher.rb:110:in `dispatch_unlocked'
    D:/TSE Projects/pms-fct - CMS/- svn/PMS/vendor/rails/actionpack/lib/action_controller/dispatcher.rb:123:in `dispatch'
    D:/TSE Projects/pms-fct - CMS/- svn/PMS/vendor/rails/actionpack/lib/action_controller/dispatcher.rb:122:in `synchronize'
    D:/TSE Projects/pms-fct - CMS/- svn/PMS/vendor/rails/actionpack/lib/action_controller/dispatcher.rb:122:in `dispatch'
    D:/TSE Projects/pms-fct - CMS/- svn/PMS/vendor/rails/actionpack/lib/action_controller/dispatcher.rb:132:in `dispatch_cgi'
    D:/TSE Projects/pms-fct - CMS/- svn/PMS/vendor/rails/actionpack/lib/action_controller/dispatcher.rb:39:in `dispatch'
    D:/TSE Projects/pms-fct - CMS/- svn/PMS/vendor/rails/railties/lib/webrick_server.rb:103:in `handle_dispatch'
    D:/TSE Projects/pms-fct - CMS/- svn/PMS/vendor/rails/railties/lib/webrick_server.rb:74:in `service'
    C:/Ruby/Ruby/lib/ruby/1.8/webrick/httpserver.rb:104:in `service'
    C:/Ruby/Ruby/lib/ruby/1.8/webrick/httpserver.rb:65:in `run'
    C:/Ruby/Ruby/lib/ruby/1.8/webrick/server.rb:173:in `start_thread'
    C:/Ruby/Ruby/lib/ruby/1.8/webrick/server.rb:162:in `start'
    C:/Ruby/Ruby/lib/ruby/1.8/webrick/server.rb:162:in `start_thread'
    C:/Ruby/Ruby/lib/ruby/1.8/webrick/server.rb:95:in `start'
    C:/Ruby/Ruby/lib/ruby/1.8/webrick/server.rb:92:in `each'
    C:/Ruby/Ruby/lib/ruby/1.8/webrick/server.rb:92:in `start'
    C:/Ruby/Ruby/lib/ruby/1.8/webrick/server.rb:23:in `start'
    C:/Ruby/Ruby/lib/ruby/1.8/webrick/server.rb:82:in `start'
    D:/TSE Projects/pms-fct - CMS/- svn/PMS/vendor/rails/railties/lib/webrick_server.rb:60:in `dispatch'
    D:/TSE Projects/pms-fct - CMS/- svn/PMS/vendor/rails/railties/lib/commands/servers/webrick.rb:68
    C:/Ruby/Ruby/lib/ruby/site_ruby/1.8/rubygems/custom_require.rb:29:in `gem_original_require'
    C:/Ruby/Ruby/lib/ruby/site_ruby/1.8/rubygems/custom_require.rb:29:in `require'
    D:/TSE Projects/pms-fct - CMS/- svn/PMS/vendor/rails/activesupport/lib/active_support/dependencies.rb:153:in `require'
    D:/TSE Projects/pms-fct - CMS/- svn/PMS/vendor/rails/activesupport/lib/active_support/dependencies.rb:521:in `new_constants_in'
    D:/TSE Projects/pms-fct - CMS/- svn/PMS/vendor/rails/activesupport/lib/active_support/dependencies.rb:153:in `require'
    D:/TSE Projects/pms-fct - CMS/- svn/PMS/vendor/rails/railties/lib/commands/server.rb:49
    C:/Ruby/Ruby/lib/ruby/site_ruby/1.8/rubygems/custom_require.rb:29:in `gem_original_require'
    C:/Ruby/Ruby/lib/ruby/site_ruby/1.8/rubygems/custom_require.rb:29:in `require'
    script/server:3
/!\ FAILSAFE /!\  Mon Mar 07 14:23:36 +0700 2016
  Status: 500 Internal Server Error
  Unknown MySQL server host 'unix-db-server' (11001)
    D:/TSE Projects/pms-fct - CMS/- svn/PMS/vendor/rails/activerecord/lib/active_record/connection_adapters/mysql_adapter.rb:548:in `real_connect'
    D:/TSE Projects/pms-fct - CMS/- svn/PMS/vendor/rails/activerecord/lib/active_record/connection_adapters/mysql_adapter.rb:548:in `connect'
    D:/TSE Projects/pms-fct - CMS/- svn/PMS/vendor/rails/activerecord/lib/active_record/connection_adapters/mysql_adapter.rb:198:in `initialize'
    D:/TSE Projects/pms-fct - CMS/- svn/PMS/vendor/rails/activerecord/lib/active_record/connection_adapters/mysql_adapter.rb:74:in `new'
    D:/TSE Projects/pms-fct - CMS/- svn/PMS/vendor/rails/activerecord/lib/active_record/connection_adapters/mysql_adapter.rb:74:in `mysql_connection'
    D:/TSE Projects/pms-fct - CMS/- svn/PMS/vendor/rails/activerecord/lib/active_record/connection_adapters/abstract/connection_pool.rb:223:in `send'
    D:/TSE Projects/pms-fct - CMS/- svn/PMS/vendor/rails/activerecord/lib/active_record/connection_adapters/abstract/connection_pool.rb:223:in `new_connection'
    D:/TSE Projects/pms-fct - CMS/- svn/PMS/vendor/rails/activerecord/lib/active_record/connection_adapters/abstract/connection_pool.rb:245:in `checkout_new_connection'
    D:/TSE Projects/pms-fct - CMS/- svn/PMS/vendor/rails/activerecord/lib/active_record/connection_adapters/abstract/connection_pool.rb:188:in `checkout'
    D:/TSE Projects/pms-fct - CMS/- svn/PMS/vendor/rails/activerecord/lib/active_record/connection_adapters/abstract/connection_pool.rb:184:in `loop'
    D:/TSE Projects/pms-fct - CMS/- svn/PMS/vendor/rails/activerecord/lib/active_record/connection_adapters/abstract/connection_pool.rb:184:in `checkout'
    C:/Ruby/Ruby/lib/ruby/1.8/monitor.rb:242:in `synchronize'
    D:/TSE Projects/pms-fct - CMS/- svn/PMS/vendor/rails/activerecord/lib/active_record/connection_adapters/abstract/connection_pool.rb:183:in `checkout'
    D:/TSE Projects/pms-fct - CMS/- svn/PMS/vendor/rails/activerecord/lib/active_record/connection_adapters/abstract/connection_pool.rb:98:in `connection'
    D:/TSE Projects/pms-fct - CMS/- svn/PMS/vendor/rails/activerecord/lib/active_record/connection_adapters/abstract/connection_pool.rb:326:in `retrieve_connection'
    D:/TSE Projects/pms-fct - CMS/- svn/PMS/vendor/rails/activerecord/lib/active_record/connection_adapters/abstract/connection_specification.rb:121:in `retrieve_connection'
    D:/TSE Projects/pms-fct - CMS/- svn/PMS/vendor/rails/activerecord/lib/active_record/connection_adapters/abstract/connection_specification.rb:113:in `connection'
    C:/Ruby/Ruby/lib/ruby/gems/1.8/gems/activerecord-sqlserver-adapter-2.2.21/lib/active_record/connection_adapters/sqlserver_adapter/core_ext/active_record.rb:46:in `reset_column_information'
    D:/TSE Projects/pms-fct - CMS/- svn/PMS/vendor/rails/actionpack/lib/action_controller/session/active_record_store.rb:103:in `setup_sessid_compatibility!'
    D:/TSE Projects/pms-fct - CMS/- svn/PMS/vendor/rails/actionpack/lib/action_controller/session/active_record_store.rb:78:in `find_by_session_id'
    D:/TSE Projects/pms-fct - CMS/- svn/PMS/vendor/rails/actionpack/lib/action_controller/session/active_record_store.rb:288:in `initialize'
    D:/TSE Projects/pms-fct - CMS/- svn/PMS/vendor/rails/activerecord/lib/active_record/base.rb:1398:in `silence'
    D:/TSE Projects/pms-fct - CMS/- svn/PMS/vendor/rails/actionpack/lib/action_controller/session/active_record_store.rb:288:in `initialize'
    C:/Ruby/Ruby/lib/ruby/1.8/cgi/session.rb:280:in `new'
    C:/Ruby/Ruby/lib/ruby/1.8/cgi/session.rb:280:in `initialize_without_cgi_reader'
    D:/TSE Projects/pms-fct - CMS/- svn/PMS/vendor/rails/actionpack/lib/action_controller/cgi_ext/session.rb:19:in `initialize'
    D:/TSE Projects/pms-fct - CMS/- svn/PMS/vendor/rails/actionpack/lib/action_controller/cgi_process.rb:94:in `new'
    D:/TSE Projects/pms-fct - CMS/- svn/PMS/vendor/rails/actionpack/lib/action_controller/cgi_process.rb:94:in `session'
    D:/TSE Projects/pms-fct - CMS/- svn/PMS/vendor/rails/actionpack/lib/action_controller/cgi_process.rb:130:in `stale_session_check!'
    D:/TSE Projects/pms-fct - CMS/- svn/PMS/vendor/rails/actionpack/lib/action_controller/cgi_process.rb:78:in `session'
    D:/TSE Projects/pms-fct - CMS/- svn/PMS/vendor/rails/actionpack/lib/action_controller/base.rb:1205:in `assign_shortcuts_without_flash'
    D:/TSE Projects/pms-fct - CMS/- svn/PMS/vendor/rails/actionpack/lib/action_controller/flash.rb:166:in `assign_shortcuts'
    D:/TSE Projects/pms-fct - CMS/- svn/PMS/vendor/rails/actionpack/lib/action_controller/base.rb:519:in `process_without_filters'
    D:/TSE Projects/pms-fct - CMS/- svn/PMS/vendor/rails/actionpack/lib/action_controller/filters.rb:606:in `process_without_session_management_support'
    D:/TSE Projects/pms-fct - CMS/- svn/PMS/vendor/rails/actionpack/lib/action_controller/session_management.rb:134:in `process'
    D:/TSE Projects/pms-fct - CMS/- svn/PMS/app/controllers/front_desk_controller.rb:28:in `process'
    D:/TSE Projects/pms-fct - CMS/- svn/PMS/vendor/rails/actionpack/lib/action_controller/base.rb:392:in `process'
    D:/TSE Projects/pms-fct - CMS/- svn/PMS/vendor/rails/actionpack/lib/action_controller/dispatcher.rb:183:in `handle_request'
    D:/TSE Projects/pms-fct - CMS/- svn/PMS/vendor/rails/actionpack/lib/action_controller/dispatcher.rb:110:in `dispatch_unlocked'
    D:/TSE Projects/pms-fct - CMS/- svn/PMS/vendor/rails/actionpack/lib/action_controller/dispatcher.rb:123:in `dispatch'
    D:/TSE Projects/pms-fct - CMS/- svn/PMS/vendor/rails/actionpack/lib/action_controller/dispatcher.rb:122:in `synchronize'
    D:/TSE Projects/pms-fct - CMS/- svn/PMS/vendor/rails/actionpack/lib/action_controller/dispatcher.rb:122:in `dispatch'
    D:/TSE Projects/pms-fct - CMS/- svn/PMS/vendor/rails/actionpack/lib/action_controller/dispatcher.rb:132:in `dispatch_cgi'
    D:/TSE Projects/pms-fct - CMS/- svn/PMS/vendor/rails/actionpack/lib/action_controller/dispatcher.rb:39:in `dispatch'
    D:/TSE Projects/pms-fct - CMS/- svn/PMS/vendor/rails/railties/lib/webrick_server.rb:103:in `handle_dispatch'
    D:/TSE Projects/pms-fct - CMS/- svn/PMS/vendor/rails/railties/lib/webrick_server.rb:74:in `service'
    C:/Ruby/Ruby/lib/ruby/1.8/webrick/httpserver.rb:104:in `service'
    C:/Ruby/Ruby/lib/ruby/1.8/webrick/httpserver.rb:65:in `run'
    C:/Ruby/Ruby/lib/ruby/1.8/webrick/server.rb:173:in `start_thread'
    C:/Ruby/Ruby/lib/ruby/1.8/webrick/server.rb:162:in `start'
    C:/Ruby/Ruby/lib/ruby/1.8/webrick/server.rb:162:in `start_thread'
    C:/Ruby/Ruby/lib/ruby/1.8/webrick/server.rb:95:in `start'
    C:/Ruby/Ruby/lib/ruby/1.8/webrick/server.rb:92:in `each'
    C:/Ruby/Ruby/lib/ruby/1.8/webrick/server.rb:92:in `start'
    C:/Ruby/Ruby/lib/ruby/1.8/webrick/server.rb:23:in `start'
    C:/Ruby/Ruby/lib/ruby/1.8/webrick/server.rb:82:in `start'
    D:/TSE Projects/pms-fct - CMS/- svn/PMS/vendor/rails/railties/lib/webrick_server.rb:60:in `dispatch'
    D:/TSE Projects/pms-fct - CMS/- svn/PMS/vendor/rails/railties/lib/commands/servers/webrick.rb:68
    C:/Ruby/Ruby/lib/ruby/site_ruby/1.8/rubygems/custom_require.rb:29:in `gem_original_require'
    C:/Ruby/Ruby/lib/ruby/site_ruby/1.8/rubygems/custom_require.rb:29:in `require'
    D:/TSE Projects/pms-fct - CMS/- svn/PMS/vendor/rails/activesupport/lib/active_support/dependencies.rb:153:in `require'
    D:/TSE Projects/pms-fct - CMS/- svn/PMS/vendor/rails/activesupport/lib/active_support/dependencies.rb:521:in `new_constants_in'
    D:/TSE Projects/pms-fct - CMS/- svn/PMS/vendor/rails/activesupport/lib/active_support/dependencies.rb:153:in `require'
    D:/TSE Projects/pms-fct - CMS/- svn/PMS/vendor/rails/railties/lib/commands/server.rb:49
    C:/Ruby/Ruby/lib/ruby/site_ruby/1.8/rubygems/custom_require.rb:29:in `gem_original_require'
    C:/Ruby/Ruby/lib/ruby/site_ruby/1.8/rubygems/custom_require.rb:29:in `require'
    script/server:3
/!\ FAILSAFE /!\  Mon Mar 07 16:43:03 +0700 2016
  Status: 500 Internal Server Error
  Unknown MySQL server host 'unix-db-server' (11001)
    D:/TSE Projects/pms-fct - CMS/- svn/PMS/vendor/rails/activerecord/lib/active_record/connection_adapters/mysql_adapter.rb:548:in `real_connect'
    D:/TSE Projects/pms-fct - CMS/- svn/PMS/vendor/rails/activerecord/lib/active_record/connection_adapters/mysql_adapter.rb:548:in `connect'
    D:/TSE Projects/pms-fct - CMS/- svn/PMS/vendor/rails/activerecord/lib/active_record/connection_adapters/mysql_adapter.rb:198:in `initialize'
    D:/TSE Projects/pms-fct - CMS/- svn/PMS/vendor/rails/activerecord/lib/active_record/connection_adapters/mysql_adapter.rb:74:in `new'
    D:/TSE Projects/pms-fct - CMS/- svn/PMS/vendor/rails/activerecord/lib/active_record/connection_adapters/mysql_adapter.rb:74:in `mysql_connection'
    D:/TSE Projects/pms-fct - CMS/- svn/PMS/vendor/rails/activerecord/lib/active_record/connection_adapters/abstract/connection_pool.rb:223:in `send'
    D:/TSE Projects/pms-fct - CMS/- svn/PMS/vendor/rails/activerecord/lib/active_record/connection_adapters/abstract/connection_pool.rb:223:in `new_connection'
    D:/TSE Projects/pms-fct - CMS/- svn/PMS/vendor/rails/activerecord/lib/active_record/connection_adapters/abstract/connection_pool.rb:245:in `checkout_new_connection'
    D:/TSE Projects/pms-fct - CMS/- svn/PMS/vendor/rails/activerecord/lib/active_record/connection_adapters/abstract/connection_pool.rb:188:in `checkout'
    D:/TSE Projects/pms-fct - CMS/- svn/PMS/vendor/rails/activerecord/lib/active_record/connection_adapters/abstract/connection_pool.rb:184:in `loop'
    D:/TSE Projects/pms-fct - CMS/- svn/PMS/vendor/rails/activerecord/lib/active_record/connection_adapters/abstract/connection_pool.rb:184:in `checkout'
    C:/Ruby/Ruby/lib/ruby/1.8/monitor.rb:242:in `synchronize'
    D:/TSE Projects/pms-fct - CMS/- svn/PMS/vendor/rails/activerecord/lib/active_record/connection_adapters/abstract/connection_pool.rb:183:in `checkout'
    D:/TSE Projects/pms-fct - CMS/- svn/PMS/vendor/rails/activerecord/lib/active_record/connection_adapters/abstract/connection_pool.rb:98:in `connection'
    D:/TSE Projects/pms-fct - CMS/- svn/PMS/vendor/rails/activerecord/lib/active_record/connection_adapters/abstract/connection_pool.rb:326:in `retrieve_connection'
    D:/TSE Projects/pms-fct - CMS/- svn/PMS/vendor/rails/activerecord/lib/active_record/connection_adapters/abstract/connection_specification.rb:121:in `retrieve_connection'
    D:/TSE Projects/pms-fct - CMS/- svn/PMS/vendor/rails/activerecord/lib/active_record/connection_adapters/abstract/connection_specification.rb:113:in `connection'
    C:/Ruby/Ruby/lib/ruby/gems/1.8/gems/activerecord-sqlserver-adapter-2.2.21/lib/active_record/connection_adapters/sqlserver_adapter/core_ext/active_record.rb:46:in `reset_column_information'
    D:/TSE Projects/pms-fct - CMS/- svn/PMS/vendor/rails/actionpack/lib/action_controller/session/active_record_store.rb:103:in `setup_sessid_compatibility!'
    D:/TSE Projects/pms-fct - CMS/- svn/PMS/vendor/rails/actionpack/lib/action_controller/session/active_record_store.rb:78:in `find_by_session_id'
    D:/TSE Projects/pms-fct - CMS/- svn/PMS/vendor/rails/actionpack/lib/action_controller/session/active_record_store.rb:288:in `initialize'
    D:/TSE Projects/pms-fct - CMS/- svn/PMS/vendor/rails/activerecord/lib/active_record/base.rb:1398:in `silence'
    D:/TSE Projects/pms-fct - CMS/- svn/PMS/vendor/rails/actionpack/lib/action_controller/session/active_record_store.rb:288:in `initialize'
    C:/Ruby/Ruby/lib/ruby/1.8/cgi/session.rb:280:in `new'
    C:/Ruby/Ruby/lib/ruby/1.8/cgi/session.rb:280:in `initialize_without_cgi_reader'
    D:/TSE Projects/pms-fct - CMS/- svn/PMS/vendor/rails/actionpack/lib/action_controller/cgi_ext/session.rb:19:in `initialize'
    D:/TSE Projects/pms-fct - CMS/- svn/PMS/vendor/rails/actionpack/lib/action_controller/cgi_process.rb:94:in `new'
    D:/TSE Projects/pms-fct - CMS/- svn/PMS/vendor/rails/actionpack/lib/action_controller/cgi_process.rb:94:in `session'
    D:/TSE Projects/pms-fct - CMS/- svn/PMS/vendor/rails/actionpack/lib/action_controller/cgi_process.rb:130:in `stale_session_check!'
    D:/TSE Projects/pms-fct - CMS/- svn/PMS/vendor/rails/actionpack/lib/action_controller/cgi_process.rb:78:in `session'
    D:/TSE Projects/pms-fct - CMS/- svn/PMS/vendor/rails/actionpack/lib/action_controller/base.rb:1205:in `assign_shortcuts_without_flash'
    D:/TSE Projects/pms-fct - CMS/- svn/PMS/vendor/rails/actionpack/lib/action_controller/flash.rb:166:in `assign_shortcuts'
    D:/TSE Projects/pms-fct - CMS/- svn/PMS/vendor/rails/actionpack/lib/action_controller/base.rb:519:in `process_without_filters'
    D:/TSE Projects/pms-fct - CMS/- svn/PMS/vendor/rails/actionpack/lib/action_controller/filters.rb:606:in `process_without_session_management_support'
    D:/TSE Projects/pms-fct - CMS/- svn/PMS/vendor/rails/actionpack/lib/action_controller/session_management.rb:134:in `process'
    D:/TSE Projects/pms-fct - CMS/- svn/PMS/app/controllers/front_desk_controller.rb:28:in `process'
    D:/TSE Projects/pms-fct - CMS/- svn/PMS/vendor/rails/actionpack/lib/action_controller/base.rb:392:in `process'
    D:/TSE Projects/pms-fct - CMS/- svn/PMS/vendor/rails/actionpack/lib/action_controller/dispatcher.rb:183:in `handle_request'
    D:/TSE Projects/pms-fct - CMS/- svn/PMS/vendor/rails/actionpack/lib/action_controller/dispatcher.rb:110:in `dispatch_unlocked'
    D:/TSE Projects/pms-fct - CMS/- svn/PMS/vendor/rails/actionpack/lib/action_controller/dispatcher.rb:123:in `dispatch'
    D:/TSE Projects/pms-fct - CMS/- svn/PMS/vendor/rails/actionpack/lib/action_controller/dispatcher.rb:122:in `synchronize'
    D:/TSE Projects/pms-fct - CMS/- svn/PMS/vendor/rails/actionpack/lib/action_controller/dispatcher.rb:122:in `dispatch'
    D:/TSE Projects/pms-fct - CMS/- svn/PMS/vendor/rails/actionpack/lib/action_controller/dispatcher.rb:132:in `dispatch_cgi'
    D:/TSE Projects/pms-fct - CMS/- svn/PMS/vendor/rails/actionpack/lib/action_controller/dispatcher.rb:39:in `dispatch'
    D:/TSE Projects/pms-fct - CMS/- svn/PMS/vendor/rails/railties/lib/webrick_server.rb:103:in `handle_dispatch'
    D:/TSE Projects/pms-fct - CMS/- svn/PMS/vendor/rails/railties/lib/webrick_server.rb:74:in `service'
    C:/Ruby/Ruby/lib/ruby/1.8/webrick/httpserver.rb:104:in `service'
    C:/Ruby/Ruby/lib/ruby/1.8/webrick/httpserver.rb:65:in `run'
    C:/Ruby/Ruby/lib/ruby/1.8/webrick/server.rb:173:in `start_thread'
    C:/Ruby/Ruby/lib/ruby/1.8/webrick/server.rb:162:in `start'
    C:/Ruby/Ruby/lib/ruby/1.8/webrick/server.rb:162:in `start_thread'
    C:/Ruby/Ruby/lib/ruby/1.8/webrick/server.rb:95:in `start'
    C:/Ruby/Ruby/lib/ruby/1.8/webrick/server.rb:92:in `each'
    C:/Ruby/Ruby/lib/ruby/1.8/webrick/server.rb:92:in `start'
    C:/Ruby/Ruby/lib/ruby/1.8/webrick/server.rb:23:in `start'
    C:/Ruby/Ruby/lib/ruby/1.8/webrick/server.rb:82:in `start'
    D:/TSE Projects/pms-fct - CMS/- svn/PMS/vendor/rails/railties/lib/webrick_server.rb:60:in `dispatch'
    D:/TSE Projects/pms-fct - CMS/- svn/PMS/vendor/rails/railties/lib/commands/servers/webrick.rb:68
    C:/Ruby/Ruby/lib/ruby/site_ruby/1.8/rubygems/custom_require.rb:29:in `gem_original_require'
    C:/Ruby/Ruby/lib/ruby/site_ruby/1.8/rubygems/custom_require.rb:29:in `require'
    D:/TSE Projects/pms-fct - CMS/- svn/PMS/vendor/rails/activesupport/lib/active_support/dependencies.rb:153:in `require'
    D:/TSE Projects/pms-fct - CMS/- svn/PMS/vendor/rails/activesupport/lib/active_support/dependencies.rb:521:in `new_constants_in'
    D:/TSE Projects/pms-fct - CMS/- svn/PMS/vendor/rails/activesupport/lib/active_support/dependencies.rb:153:in `require'
    D:/TSE Projects/pms-fct - CMS/- svn/PMS/vendor/rails/railties/lib/commands/server.rb:49
    C:/Ruby/Ruby/lib/ruby/site_ruby/1.8/rubygems/custom_require.rb:29:in `gem_original_require'
    C:/Ruby/Ruby/lib/ruby/site_ruby/1.8/rubygems/custom_require.rb:29:in `require'
    script/server:3
